Optional[Project_semester2 9434993 bytes
├─ Check_coronavirus_statistics_test 5281178 bytes
│  ├─ coronavirus_statistics_test 5268200 bytes
│  │  ├─ pretest 5261649 bytes
│  │  │  ├─ pretest_1 8694 bytes
│  │  │  │  ├─ pretest.inp 1314 bytes
│  │  │  │  └─ pretest.out 7380 bytes
│  │  │  ├─ pretest_10 11304 bytes
│  │  │  │  ├─ pretest.inp 1578 bytes
│  │  │  │  └─ pretest.out 9726 bytes
│  │  │  ├─ pretest_100 11509 bytes
│  │  │  │  ├─ pretest.inp 1391 bytes
│  │  │  │  └─ pretest.out 10118 bytes
│  │  │  ├─ pretest_101 10931 bytes
│  │  │  │  ├─ pretest.inp 1433 bytes
│  │  │  │  └─ pretest.out 9498 bytes
│  │  │  ├─ pretest_102 9987 bytes
│  │  │  │  ├─ pretest.inp 1451 bytes
│  │  │  │  └─ pretest.out 8536 bytes
│  │  │  ├─ pretest_103 9060 bytes
│  │  │  │  ├─ pretest.inp 1294 bytes
│  │  │  │  └─ pretest.out 7766 bytes
│  │  │  ├─ pretest_104 12497 bytes
│  │  │  │  ├─ pretest.inp 1496 bytes
│  │  │  │  └─ pretest.out 11001 bytes
│  │  │  ├─ pretest_105 11326 bytes
│  │  │  │  ├─ pretest.inp 1666 bytes
│  │  │  │  └─ pretest.out 9660 bytes
│  │  │  ├─ pretest_106 11370 bytes
│  │  │  │  ├─ pretest.inp 1515 bytes
│  │  │  │  └─ pretest.out 9855 bytes
│  │  │  ├─ pretest_107 12099 bytes
│  │  │  │  ├─ pretest.inp 1403 bytes
│  │  │  │  └─ pretest.out 10696 bytes
│  │  │  ├─ pretest_108 12617 bytes
│  │  │  │  ├─ pretest.inp 1631 bytes
│  │  │  │  └─ pretest.out 10986 bytes
│  │  │  ├─ pretest_109 9405 bytes
│  │  │  │  ├─ pretest.inp 1324 bytes
│  │  │  │  └─ pretest.out 8081 bytes
│  │  │  ├─ pretest_11 10912 bytes
│  │  │  │  ├─ pretest.inp 1502 bytes
│  │  │  │  └─ pretest.out 9410 bytes
│  │  │  ├─ pretest_110 8250 bytes
│  │  │  │  ├─ pretest.inp 1332 bytes
│  │  │  │  └─ pretest.out 6918 bytes
│  │  │  ├─ pretest_111 10218 bytes
│  │  │  │  ├─ pretest.inp 1256 bytes
│  │  │  │  └─ pretest.out 8962 bytes
│  │  │  ├─ pretest_112 12961 bytes
│  │  │  │  ├─ pretest.inp 1610 bytes
│  │  │  │  └─ pretest.out 11351 bytes
│  │  │  ├─ pretest_113 11212 bytes
│  │  │  │  ├─ pretest.inp 1511 bytes
│  │  │  │  └─ pretest.out 9701 bytes
│  │  │  ├─ pretest_114 10758 bytes
│  │  │  │  ├─ pretest.inp 1527 bytes
│  │  │  │  └─ pretest.out 9231 bytes
│  │  │  ├─ pretest_115 10331 bytes
│  │  │  │  ├─ pretest.inp 1249 bytes
│  │  │  │  └─ pretest.out 9082 bytes
│  │  │  ├─ pretest_116 12221 bytes
│  │  │  │  ├─ pretest.inp 1636 bytes
│  │  │  │  └─ pretest.out 10585 bytes
│  │  │  ├─ pretest_117 8333 bytes
│  │  │  │  ├─ pretest.inp 1346 bytes
│  │  │  │  └─ pretest.out 6987 bytes
│  │  │  ├─ pretest_118 9881 bytes
│  │  │  │  ├─ pretest.inp 1305 bytes
│  │  │  │  └─ pretest.out 8576 bytes
│  │  │  ├─ pretest_119 10808 bytes
│  │  │  │  ├─ pretest.inp 1512 bytes
│  │  │  │  └─ pretest.out 9296 bytes
│  │  │  ├─ pretest_12 11030 bytes
│  │  │  │  ├─ pretest.inp 1463 bytes
│  │  │  │  └─ pretest.out 9567 bytes
│  │  │  ├─ pretest_120 9897 bytes
│  │  │  │  ├─ pretest.inp 1269 bytes
│  │  │  │  └─ pretest.out 8628 bytes
│  │  │  ├─ pretest_121 9494 bytes
│  │  │  │  ├─ pretest.inp 1436 bytes
│  │  │  │  └─ pretest.out 8058 bytes
│  │  │  ├─ pretest_122 11252 bytes
│  │  │  │  ├─ pretest.inp 1343 bytes
│  │  │  │  └─ pretest.out 9909 bytes
│  │  │  ├─ pretest_123 11355 bytes
│  │  │  │  ├─ pretest.inp 1532 bytes
│  │  │  │  └─ pretest.out 9823 bytes
│  │  │  ├─ pretest_124 11600 bytes
│  │  │  │  ├─ pretest.inp 1587 bytes
│  │  │  │  └─ pretest.out 10013 bytes
│  │  │  ├─ pretest_125 9375 bytes
│  │  │  │  ├─ pretest.inp 1306 bytes
│  │  │  │  └─ pretest.out 8069 bytes
│  │  │  ├─ pretest_126 10117 bytes
│  │  │  │  ├─ pretest.inp 1504 bytes
│  │  │  │  └─ pretest.out 8613 bytes
│  │  │  ├─ pretest_127 9028 bytes
│  │  │  │  ├─ pretest.inp 1491 bytes
│  │  │  │  └─ pretest.out 7537 bytes
│  │  │  ├─ pretest_128 9685 bytes
│  │  │  │  ├─ pretest.inp 1440 bytes
│  │  │  │  └─ pretest.out 8245 bytes
│  │  │  ├─ pretest_129 11000 bytes
│  │  │  │  ├─ pretest.inp 1622 bytes
│  │  │  │  └─ pretest.out 9378 bytes
│  │  │  ├─ pretest_13 12090 bytes
│  │  │  │  ├─ pretest.inp 1608 bytes
│  │  │  │  └─ pretest.out 10482 bytes
│  │  │  ├─ pretest_130 12497 bytes
│  │  │  │  ├─ pretest.inp 1495 bytes
│  │  │  │  └─ pretest.out 11002 bytes
│  │  │  ├─ pretest_131 10374 bytes
│  │  │  │  ├─ pretest.inp 1689 bytes
│  │  │  │  └─ pretest.out 8685 bytes
│  │  │  ├─ pretest_132 10855 bytes
│  │  │  │  ├─ pretest.inp 1348 bytes
│  │  │  │  └─ pretest.out 9507 bytes
│  │  │  ├─ pretest_133 9674 bytes
│  │  │  │  ├─ pretest.inp 1364 bytes
│  │  │  │  └─ pretest.out 8310 bytes
│  │  │  ├─ pretest_134 12911 bytes
│  │  │  │  ├─ pretest.inp 1626 bytes
│  │  │  │  └─ pretest.out 11285 bytes
│  │  │  ├─ pretest_135 11906 bytes
│  │  │  │  ├─ pretest.inp 1542 bytes
│  │  │  │  └─ pretest.out 10364 bytes
│  │  │  ├─ pretest_136 9976 bytes
│  │  │  │  ├─ pretest.inp 1645 bytes
│  │  │  │  └─ pretest.out 8331 bytes
│  │  │  ├─ pretest_137 10397 bytes
│  │  │  │  ├─ pretest.inp 1605 bytes
│  │  │  │  └─ pretest.out 8792 bytes
│  │  │  ├─ pretest_138 9760 bytes
│  │  │  │  ├─ pretest.inp 1336 bytes
│  │  │  │  └─ pretest.out 8424 bytes
│  │  │  ├─ pretest_139 11853 bytes
│  │  │  │  ├─ pretest.inp 1451 bytes
│  │  │  │  └─ pretest.out 10402 bytes
│  │  │  ├─ pretest_14 10554 bytes
│  │  │  │  ├─ pretest.inp 1478 bytes
│  │  │  │  └─ pretest.out 9076 bytes
│  │  │  ├─ pretest_140 9346 bytes
│  │  │  │  ├─ pretest.inp 1360 bytes
│  │  │  │  └─ pretest.out 7986 bytes
│  │  │  ├─ pretest_141 11749 bytes
│  │  │  │  ├─ pretest.inp 1488 bytes
│  │  │  │  └─ pretest.out 10261 bytes
│  │  │  ├─ pretest_142 10740 bytes
│  │  │  │  ├─ pretest.inp 1365 bytes
│  │  │  │  └─ pretest.out 9375 bytes
│  │  │  ├─ pretest_143 8805 bytes
│  │  │  │  ├─ pretest.inp 1581 bytes
│  │  │  │  └─ pretest.out 7224 bytes
│  │  │  ├─ pretest_144 10769 bytes
│  │  │  │  ├─ pretest.inp 1665 bytes
│  │  │  │  └─ pretest.out 9104 bytes
│  │  │  ├─ pretest_145 13255 bytes
│  │  │  │  ├─ pretest.inp 1614 bytes
│  │  │  │  └─ pretest.out 11641 bytes
│  │  │  ├─ pretest_146 11145 bytes
│  │  │  │  ├─ pretest.inp 1630 bytes
│  │  │  │  └─ pretest.out 9515 bytes
│  │  │  ├─ pretest_147 10600 bytes
│  │  │  │  ├─ pretest.inp 1593 bytes
│  │  │  │  └─ pretest.out 9007 bytes
│  │  │  ├─ pretest_148 9373 bytes
│  │  │  │  ├─ pretest.inp 1414 bytes
│  │  │  │  └─ pretest.out 7959 bytes
│  │  │  ├─ pretest_149 9346 bytes
│  │  │  │  ├─ pretest.inp 1372 bytes
│  │  │  │  └─ pretest.out 7974 bytes
│  │  │  ├─ pretest_15 10743 bytes
│  │  │  │  ├─ pretest.inp 1698 bytes
│  │  │  │  └─ pretest.out 9045 bytes
│  │  │  ├─ pretest_150 11797 bytes
│  │  │  │  ├─ pretest.inp 1594 bytes
│  │  │  │  └─ pretest.out 10203 bytes
│  │  │  ├─ pretest_151 9337 bytes
│  │  │  │  ├─ pretest.inp 1419 bytes
│  │  │  │  └─ pretest.out 7918 bytes
│  │  │  ├─ pretest_152 11359 bytes
│  │  │  │  ├─ pretest.inp 1552 bytes
│  │  │  │  └─ pretest.out 9807 bytes
│  │  │  ├─ pretest_153 12200 bytes
│  │  │  │  ├─ pretest.inp 1468 bytes
│  │  │  │  └─ pretest.out 10732 bytes
│  │  │  ├─ pretest_154 10459 bytes
│  │  │  │  ├─ pretest.inp 1549 bytes
│  │  │  │  └─ pretest.out 8910 bytes
│  │  │  ├─ pretest_155 9129 bytes
│  │  │  │  ├─ pretest.inp 1364 bytes
│  │  │  │  └─ pretest.out 7765 bytes
│  │  │  ├─ pretest_156 10501 bytes
│  │  │  │  ├─ pretest.inp 1582 bytes
│  │  │  │  └─ pretest.out 8919 bytes
│  │  │  ├─ pretest_157 9481 bytes
│  │  │  │  ├─ pretest.inp 1261 bytes
│  │  │  │  └─ pretest.out 8220 bytes
│  │  │  ├─ pretest_158 10105 bytes
│  │  │  │  ├─ pretest.inp 1519 bytes
│  │  │  │  └─ pretest.out 8586 bytes
│  │  │  ├─ pretest_159 9621 bytes
│  │  │  │  ├─ pretest.inp 1274 bytes
│  │  │  │  └─ pretest.out 8347 bytes
│  │  │  ├─ pretest_16 9272 bytes
│  │  │  │  ├─ pretest.inp 1420 bytes
│  │  │  │  └─ pretest.out 7852 bytes
│  │  │  ├─ pretest_160 11891 bytes
│  │  │  │  ├─ pretest.inp 1620 bytes
│  │  │  │  └─ pretest.out 10271 bytes
│  │  │  ├─ pretest_161 11421 bytes
│  │  │  │  ├─ pretest.inp 1617 bytes
│  │  │  │  └─ pretest.out 9804 bytes
│  │  │  ├─ pretest_162 9821 bytes
│  │  │  │  ├─ pretest.inp 1428 bytes
│  │  │  │  └─ pretest.out 8393 bytes
│  │  │  ├─ pretest_163 11062 bytes
│  │  │  │  ├─ pretest.inp 1619 bytes
│  │  │  │  └─ pretest.out 9443 bytes
│  │  │  ├─ pretest_164 10121 bytes
│  │  │  │  ├─ pretest.inp 1369 bytes
│  │  │  │  └─ pretest.out 8752 bytes
│  │  │  ├─ pretest_165 10380 bytes
│  │  │  │  ├─ pretest.inp 1261 bytes
│  │  │  │  └─ pretest.out 9119 bytes
│  │  │  ├─ pretest_166 11755 bytes
│  │  │  │  ├─ pretest.inp 1623 bytes
│  │  │  │  └─ pretest.out 10132 bytes
│  │  │  ├─ pretest_167 12497 bytes
│  │  │  │  ├─ pretest.inp 1586 bytes
│  │  │  │  └─ pretest.out 10911 bytes
│  │  │  ├─ pretest_168 7836 bytes
│  │  │  │  ├─ pretest.inp 1352 bytes
│  │  │  │  └─ pretest.out 6484 bytes
│  │  │  ├─ pretest_169 9599 bytes
│  │  │  │  ├─ pretest.inp 1387 bytes
│  │  │  │  └─ pretest.out 8212 bytes
│  │  │  ├─ pretest_17 11689 bytes
│  │  │  │  ├─ pretest.inp 1487 bytes
│  │  │  │  └─ pretest.out 10202 bytes
│  │  │  ├─ pretest_170 11424 bytes
│  │  │  │  ├─ pretest.inp 1398 bytes
│  │  │  │  └─ pretest.out 10026 bytes
│  │  │  ├─ pretest_171 10591 bytes
│  │  │  │  ├─ pretest.inp 1421 bytes
│  │  │  │  └─ pretest.out 9170 bytes
│  │  │  ├─ pretest_172 10185 bytes
│  │  │  │  ├─ pretest.inp 1387 bytes
│  │  │  │  └─ pretest.out 8798 bytes
│  │  │  ├─ pretest_173 13949 bytes
│  │  │  │  ├─ pretest.inp 1634 bytes
│  │  │  │  └─ pretest.out 12315 bytes
│  │  │  ├─ pretest_174 10616 bytes
│  │  │  │  ├─ pretest.inp 1492 bytes
│  │  │  │  └─ pretest.out 9124 bytes
│  │  │  ├─ pretest_175 8747 bytes
│  │  │  │  ├─ pretest.inp 1333 bytes
│  │  │  │  └─ pretest.out 7414 bytes
│  │  │  ├─ pretest_176 8112 bytes
│  │  │  │  ├─ pretest.inp 1274 bytes
│  │  │  │  └─ pretest.out 6838 bytes
│  │  │  ├─ pretest_177 10642 bytes
│  │  │  │  ├─ pretest.inp 1293 bytes
│  │  │  │  └─ pretest.out 9349 bytes
│  │  │  ├─ pretest_178 10347 bytes
│  │  │  │  ├─ pretest.inp 1601 bytes
│  │  │  │  └─ pretest.out 8746 bytes
│  │  │  ├─ pretest_179 10469 bytes
│  │  │  │  ├─ pretest.inp 1330 bytes
│  │  │  │  └─ pretest.out 9139 bytes
│  │  │  ├─ pretest_18 9494 bytes
│  │  │  │  ├─ pretest.inp 1248 bytes
│  │  │  │  └─ pretest.out 8246 bytes
│  │  │  ├─ pretest_180 11297 bytes
│  │  │  │  ├─ pretest.inp 1636 bytes
│  │  │  │  └─ pretest.out 9661 bytes
│  │  │  ├─ pretest_181 11382 bytes
│  │  │  │  ├─ pretest.inp 1602 bytes
│  │  │  │  └─ pretest.out 9780 bytes
│  │  │  ├─ pretest_182 10364 bytes
│  │  │  │  ├─ pretest.inp 1419 bytes
│  │  │  │  └─ pretest.out 8945 bytes
│  │  │  ├─ pretest_183 11968 bytes
│  │  │  │  ├─ pretest.inp 1616 bytes
│  │  │  │  └─ pretest.out 10352 bytes
│  │  │  ├─ pretest_184 11850 bytes
│  │  │  │  ├─ pretest.inp 1351 bytes
│  │  │  │  └─ pretest.out 10499 bytes
│  │  │  ├─ pretest_185 7029 bytes
│  │  │  │  ├─ pretest.inp 1256 bytes
│  │  │  │  └─ pretest.out 5773 bytes
│  │  │  ├─ pretest_186 12488 bytes
│  │  │  │  ├─ pretest.inp 1586 bytes
│  │  │  │  └─ pretest.out 10902 bytes
│  │  │  ├─ pretest_187 11248 bytes
│  │  │  │  ├─ pretest.inp 1574 bytes
│  │  │  │  └─ pretest.out 9674 bytes
│  │  │  ├─ pretest_188 11264 bytes
│  │  │  │  ├─ pretest.inp 1290 bytes
│  │  │  │  └─ pretest.out 9974 bytes
│  │  │  ├─ pretest_189 9326 bytes
│  │  │  │  ├─ pretest.inp 1411 bytes
│  │  │  │  └─ pretest.out 7915 bytes
│  │  │  ├─ pretest_19 9217 bytes
│  │  │  │  ├─ pretest.inp 1302 bytes
│  │  │  │  └─ pretest.out 7915 bytes
│  │  │  ├─ pretest_190 9377 bytes
│  │  │  │  ├─ pretest.inp 1571 bytes
│  │  │  │  └─ pretest.out 7806 bytes
│  │  │  ├─ pretest_191 9286 bytes
│  │  │  │  ├─ pretest.inp 1608 bytes
│  │  │  │  └─ pretest.out 7678 bytes
│  │  │  ├─ pretest_192 11180 bytes
│  │  │  │  ├─ pretest.inp 1535 bytes
│  │  │  │  └─ pretest.out 9645 bytes
│  │  │  ├─ pretest_193 9413 bytes
│  │  │  │  ├─ pretest.inp 1387 bytes
│  │  │  │  └─ pretest.out 8026 bytes
│  │  │  ├─ pretest_194 8977 bytes
│  │  │  │  ├─ pretest.inp 1410 bytes
│  │  │  │  └─ pretest.out 7567 bytes
│  │  │  ├─ pretest_195 12040 bytes
│  │  │  │  ├─ pretest.inp 1622 bytes
│  │  │  │  └─ pretest.out 10418 bytes
│  │  │  ├─ pretest_196 10605 bytes
│  │  │  │  ├─ pretest.inp 1541 bytes
│  │  │  │  └─ pretest.out 9064 bytes
│  │  │  ├─ pretest_197 12060 bytes
│  │  │  │  ├─ pretest.inp 1316 bytes
│  │  │  │  └─ pretest.out 10744 bytes
│  │  │  ├─ pretest_198 8980 bytes
│  │  │  │  ├─ pretest.inp 1390 bytes
│  │  │  │  └─ pretest.out 7590 bytes
│  │  │  ├─ pretest_199 8630 bytes
│  │  │  │  ├─ pretest.inp 1369 bytes
│  │  │  │  └─ pretest.out 7261 bytes
│  │  │  ├─ pretest_2 9612 bytes
│  │  │  │  ├─ pretest.inp 1632 bytes
│  │  │  │  └─ pretest.out 7980 bytes
│  │  │  ├─ pretest_20 9219 bytes
│  │  │  │  ├─ pretest.inp 1271 bytes
│  │  │  │  └─ pretest.out 7948 bytes
│  │  │  ├─ pretest_200 10549 bytes
│  │  │  │  ├─ pretest.inp 1464 bytes
│  │  │  │  └─ pretest.out 9085 bytes
│  │  │  ├─ pretest_201 10762 bytes
│  │  │  │  ├─ pretest.inp 1567 bytes
│  │  │  │  └─ pretest.out 9195 bytes
│  │  │  ├─ pretest_202 12366 bytes
│  │  │  │  ├─ pretest.inp 1382 bytes
│  │  │  │  └─ pretest.out 10984 bytes
│  │  │  ├─ pretest_203 9647 bytes
│  │  │  │  ├─ pretest.inp 1353 bytes
│  │  │  │  └─ pretest.out 8294 bytes
│  │  │  ├─ pretest_204 10479 bytes
│  │  │  │  ├─ pretest.inp 1461 bytes
│  │  │  │  └─ pretest.out 9018 bytes
│  │  │  ├─ pretest_205 11967 bytes
│  │  │  │  ├─ pretest.inp 1426 bytes
│  │  │  │  └─ pretest.out 10541 bytes
│  │  │  ├─ pretest_206 12689 bytes
│  │  │  │  ├─ pretest.inp 1631 bytes
│  │  │  │  └─ pretest.out 11058 bytes
│  │  │  ├─ pretest_207 9028 bytes
│  │  │  │  ├─ pretest.inp 1473 bytes
│  │  │  │  └─ pretest.out 7555 bytes
│  │  │  ├─ pretest_208 10494 bytes
│  │  │  │  ├─ pretest.inp 1625 bytes
│  │  │  │  └─ pretest.out 8869 bytes
│  │  │  ├─ pretest_209 8914 bytes
│  │  │  │  ├─ pretest.inp 1384 bytes
│  │  │  │  └─ pretest.out 7530 bytes
│  │  │  ├─ pretest_21 11798 bytes
│  │  │  │  ├─ pretest.inp 1606 bytes
│  │  │  │  └─ pretest.out 10192 bytes
│  │  │  ├─ pretest_210 9845 bytes
│  │  │  │  ├─ pretest.inp 1327 bytes
│  │  │  │  └─ pretest.out 8518 bytes
│  │  │  ├─ pretest_211 9272 bytes
│  │  │  │  ├─ pretest.inp 1204 bytes
│  │  │  │  └─ pretest.out 8068 bytes
│  │  │  ├─ pretest_212 12249 bytes
│  │  │  │  ├─ pretest.inp 1483 bytes
│  │  │  │  └─ pretest.out 10766 bytes
│  │  │  ├─ pretest_213 10207 bytes
│  │  │  │  ├─ pretest.inp 1553 bytes
│  │  │  │  └─ pretest.out 8654 bytes
│  │  │  ├─ pretest_214 10788 bytes
│  │  │  │  ├─ pretest.inp 1198 bytes
│  │  │  │  └─ pretest.out 9590 bytes
│  │  │  ├─ pretest_215 11908 bytes
│  │  │  │  ├─ pretest.inp 1599 bytes
│  │  │  │  └─ pretest.out 10309 bytes
│  │  │  ├─ pretest_216 11051 bytes
│  │  │  │  ├─ pretest.inp 1522 bytes
│  │  │  │  └─ pretest.out 9529 bytes
│  │  │  ├─ pretest_217 8641 bytes
│  │  │  │  ├─ pretest.inp 1457 bytes
│  │  │  │  └─ pretest.out 7184 bytes
│  │  │  ├─ pretest_218 11404 bytes
│  │  │  │  ├─ pretest.inp 1556 bytes
│  │  │  │  └─ pretest.out 9848 bytes
│  │  │  ├─ pretest_219 11360 bytes
│  │  │  │  ├─ pretest.inp 1599 bytes
│  │  │  │  └─ pretest.out 9761 bytes
│  │  │  ├─ pretest_22 10246 bytes
│  │  │  │  ├─ pretest.inp 1303 bytes
│  │  │  │  └─ pretest.out 8943 bytes
│  │  │  ├─ pretest_220 9929 bytes
│  │  │  │  ├─ pretest.inp 1446 bytes
│  │  │  │  └─ pretest.out 8483 bytes
│  │  │  ├─ pretest_221 8189 bytes
│  │  │  │  ├─ pretest.inp 1284 bytes
│  │  │  │  └─ pretest.out 6905 bytes
│  │  │  ├─ pretest_222 9158 bytes
│  │  │  │  ├─ pretest.inp 1276 bytes
│  │  │  │  └─ pretest.out 7882 bytes
│  │  │  ├─ pretest_223 11600 bytes
│  │  │  │  ├─ pretest.inp 1506 bytes
│  │  │  │  └─ pretest.out 10094 bytes
│  │  │  ├─ pretest_224 10710 bytes
│  │  │  │  ├─ pretest.inp 1451 bytes
│  │  │  │  └─ pretest.out 9259 bytes
│  │  │  ├─ pretest_225 8958 bytes
│  │  │  │  ├─ pretest.inp 1387 bytes
│  │  │  │  └─ pretest.out 7571 bytes
│  │  │  ├─ pretest_226 10418 bytes
│  │  │  │  ├─ pretest.inp 1587 bytes
│  │  │  │  └─ pretest.out 8831 bytes
│  │  │  ├─ pretest_227 9717 bytes
│  │  │  │  ├─ pretest.inp 1253 bytes
│  │  │  │  └─ pretest.out 8464 bytes
│  │  │  ├─ pretest_228 12261 bytes
│  │  │  │  ├─ pretest.inp 1653 bytes
│  │  │  │  └─ pretest.out 10608 bytes
│  │  │  ├─ pretest_229 10377 bytes
│  │  │  │  ├─ pretest.inp 1307 bytes
│  │  │  │  └─ pretest.out 9070 bytes
│  │  │  ├─ pretest_23 8581 bytes
│  │  │  │  ├─ pretest.inp 1315 bytes
│  │  │  │  └─ pretest.out 7266 bytes
│  │  │  ├─ pretest_230 11040 bytes
│  │  │  │  ├─ pretest.inp 1510 bytes
│  │  │  │  └─ pretest.out 9530 bytes
│  │  │  ├─ pretest_231 10416 bytes
│  │  │  │  ├─ pretest.inp 1400 bytes
│  │  │  │  └─ pretest.out 9016 bytes
│  │  │  ├─ pretest_232 11174 bytes
│  │  │  │  ├─ pretest.inp 1556 bytes
│  │  │  │  └─ pretest.out 9618 bytes
│  │  │  ├─ pretest_233 7557 bytes
│  │  │  │  ├─ pretest.inp 1343 bytes
│  │  │  │  └─ pretest.out 6214 bytes
│  │  │  ├─ pretest_234 8414 bytes
│  │  │  │  ├─ pretest.inp 1345 bytes
│  │  │  │  └─ pretest.out 7069 bytes
│  │  │  ├─ pretest_235 9555 bytes
│  │  │  │  ├─ pretest.inp 1263 bytes
│  │  │  │  └─ pretest.out 8292 bytes
│  │  │  ├─ pretest_236 10887 bytes
│  │  │  │  ├─ pretest.inp 1412 bytes
│  │  │  │  └─ pretest.out 9475 bytes
│  │  │  ├─ pretest_237 10618 bytes
│  │  │  │  ├─ pretest.inp 1648 bytes
│  │  │  │  └─ pretest.out 8970 bytes
│  │  │  ├─ pretest_238 10404 bytes
│  │  │  │  ├─ pretest.inp 1579 bytes
│  │  │  │  └─ pretest.out 8825 bytes
│  │  │  ├─ pretest_239 12304 bytes
│  │  │  │  ├─ pretest.inp 1604 bytes
│  │  │  │  └─ pretest.out 10700 bytes
│  │  │  ├─ pretest_24 10446 bytes
│  │  │  │  ├─ pretest.inp 1499 bytes
│  │  │  │  └─ pretest.out 8947 bytes
│  │  │  ├─ pretest_240 11251 bytes
│  │  │  │  ├─ pretest.inp 1451 bytes
│  │  │  │  └─ pretest.out 9800 bytes
│  │  │  ├─ pretest_241 9414 bytes
│  │  │  │  ├─ pretest.inp 1543 bytes
│  │  │  │  └─ pretest.out 7871 bytes
│  │  │  ├─ pretest_242 10242 bytes
│  │  │  │  ├─ pretest.inp 1644 bytes
│  │  │  │  └─ pretest.out 8598 bytes
│  │  │  ├─ pretest_243 11088 bytes
│  │  │  │  ├─ pretest.inp 1590 bytes
│  │  │  │  └─ pretest.out 9498 bytes
│  │  │  ├─ pretest_244 11889 bytes
│  │  │  │  ├─ pretest.inp 1601 bytes
│  │  │  │  └─ pretest.out 10288 bytes
│  │  │  ├─ pretest_245 10619 bytes
│  │  │  │  ├─ pretest.inp 1489 bytes
│  │  │  │  └─ pretest.out 9130 bytes
│  │  │  ├─ pretest_246 8747 bytes
│  │  │  │  ├─ pretest.inp 1221 bytes
│  │  │  │  └─ pretest.out 7526 bytes
│  │  │  ├─ pretest_247 9990 bytes
│  │  │  │  ├─ pretest.inp 1502 bytes
│  │  │  │  └─ pretest.out 8488 bytes
│  │  │  ├─ pretest_248 10818 bytes
│  │  │  │  ├─ pretest.inp 1363 bytes
│  │  │  │  └─ pretest.out 9455 bytes
│  │  │  ├─ pretest_249 11517 bytes
│  │  │  │  ├─ pretest.inp 1669 bytes
│  │  │  │  └─ pretest.out 9848 bytes
│  │  │  ├─ pretest_25 10248 bytes
│  │  │  │  ├─ pretest.inp 1525 bytes
│  │  │  │  └─ pretest.out 8723 bytes
│  │  │  ├─ pretest_250 11904 bytes
│  │  │  │  ├─ pretest.inp 1362 bytes
│  │  │  │  └─ pretest.out 10542 bytes
│  │  │  ├─ pretest_251 9475 bytes
│  │  │  │  ├─ pretest.inp 1416 bytes
│  │  │  │  └─ pretest.out 8059 bytes
│  │  │  ├─ pretest_252 10835 bytes
│  │  │  │  ├─ pretest.inp 1683 bytes
│  │  │  │  └─ pretest.out 9152 bytes
│  │  │  ├─ pretest_253 10950 bytes
│  │  │  │  ├─ pretest.inp 1461 bytes
│  │  │  │  └─ pretest.out 9489 bytes
│  │  │  ├─ pretest_254 10206 bytes
│  │  │  │  ├─ pretest.inp 1408 bytes
│  │  │  │  └─ pretest.out 8798 bytes
│  │  │  ├─ pretest_255 8426 bytes
│  │  │  │  ├─ pretest.inp 1518 bytes
│  │  │  │  └─ pretest.out 6908 bytes
│  │  │  ├─ pretest_256 9572 bytes
│  │  │  │  ├─ pretest.inp 1441 bytes
│  │  │  │  └─ pretest.out 8131 bytes
│  │  │  ├─ pretest_257 12938 bytes
│  │  │  │  ├─ pretest.inp 1511 bytes
│  │  │  │  └─ pretest.out 11427 bytes
│  │  │  ├─ pretest_258 10377 bytes
│  │  │  │  ├─ pretest.inp 1425 bytes
│  │  │  │  └─ pretest.out 8952 bytes
│  │  │  ├─ pretest_259 10166 bytes
│  │  │  │  ├─ pretest.inp 1260 bytes
│  │  │  │  └─ pretest.out 8906 bytes
│  │  │  ├─ pretest_26 11769 bytes
│  │  │  │  ├─ pretest.inp 1521 bytes
│  │  │  │  └─ pretest.out 10248 bytes
│  │  │  ├─ pretest_260 10405 bytes
│  │  │  │  ├─ pretest.inp 1469 bytes
│  │  │  │  └─ pretest.out 8936 bytes
│  │  │  ├─ pretest_261 10794 bytes
│  │  │  │  ├─ pretest.inp 1541 bytes
│  │  │  │  └─ pretest.out 9253 bytes
│  │  │  ├─ pretest_262 11089 bytes
│  │  │  │  ├─ pretest.inp 1655 bytes
│  │  │  │  └─ pretest.out 9434 bytes
│  │  │  ├─ pretest_263 10177 bytes
│  │  │  │  ├─ pretest.inp 1440 bytes
│  │  │  │  └─ pretest.out 8737 bytes
│  │  │  ├─ pretest_264 11054 bytes
│  │  │  │  ├─ pretest.inp 1526 bytes
│  │  │  │  └─ pretest.out 9528 bytes
│  │  │  ├─ pretest_265 12355 bytes
│  │  │  │  ├─ pretest.inp 1587 bytes
│  │  │  │  └─ pretest.out 10768 bytes
│  │  │  ├─ pretest_266 10197 bytes
│  │  │  │  ├─ pretest.inp 1242 bytes
│  │  │  │  └─ pretest.out 8955 bytes
│  │  │  ├─ pretest_267 11671 bytes
│  │  │  │  ├─ pretest.inp 1406 bytes
│  │  │  │  └─ pretest.out 10265 bytes
│  │  │  ├─ pretest_268 9617 bytes
│  │  │  │  ├─ pretest.inp 1430 bytes
│  │  │  │  └─ pretest.out 8187 bytes
│  │  │  ├─ pretest_269 12174 bytes
│  │  │  │  ├─ pretest.inp 1601 bytes
│  │  │  │  └─ pretest.out 10573 bytes
│  │  │  ├─ pretest_27 10091 bytes
│  │  │  │  ├─ pretest.inp 1270 bytes
│  │  │  │  └─ pretest.out 8821 bytes
│  │  │  ├─ pretest_270 11987 bytes
│  │  │  │  ├─ pretest.inp 1488 bytes
│  │  │  │  └─ pretest.out 10499 bytes
│  │  │  ├─ pretest_271 9705 bytes
│  │  │  │  ├─ pretest.inp 1321 bytes
│  │  │  │  └─ pretest.out 8384 bytes
│  │  │  ├─ pretest_272 8602 bytes
│  │  │  │  ├─ pretest.inp 1379 bytes
│  │  │  │  └─ pretest.out 7223 bytes
│  │  │  ├─ pretest_273 13099 bytes
│  │  │  │  ├─ pretest.inp 1537 bytes
│  │  │  │  └─ pretest.out 11562 bytes
│  │  │  ├─ pretest_274 8347 bytes
│  │  │  │  ├─ pretest.inp 1350 bytes
│  │  │  │  └─ pretest.out 6997 bytes
│  │  │  ├─ pretest_275 10861 bytes
│  │  │  │  ├─ pretest.inp 1676 bytes
│  │  │  │  └─ pretest.out 9185 bytes
│  │  │  ├─ pretest_276 14102 bytes
│  │  │  │  ├─ pretest.inp 1617 bytes
│  │  │  │  └─ pretest.out 12485 bytes
│  │  │  ├─ pretest_277 10559 bytes
│  │  │  │  ├─ pretest.inp 1425 bytes
│  │  │  │  └─ pretest.out 9134 bytes
│  │  │  ├─ pretest_278 10446 bytes
│  │  │  │  ├─ pretest.inp 1334 bytes
│  │  │  │  └─ pretest.out 9112 bytes
│  │  │  ├─ pretest_279 11692 bytes
│  │  │  │  ├─ pretest.inp 1505 bytes
│  │  │  │  └─ pretest.out 10187 bytes
│  │  │  ├─ pretest_28 9969 bytes
│  │  │  │  ├─ pretest.inp 1503 bytes
│  │  │  │  └─ pretest.out 8466 bytes
│  │  │  ├─ pretest_280 10055 bytes
│  │  │  │  ├─ pretest.inp 1534 bytes
│  │  │  │  └─ pretest.out 8521 bytes
│  │  │  ├─ pretest_281 11379 bytes
│  │  │  │  ├─ pretest.inp 1539 bytes
│  │  │  │  └─ pretest.out 9840 bytes
│  │  │  ├─ pretest_282 11548 bytes
│  │  │  │  ├─ pretest.inp 1565 bytes
│  │  │  │  └─ pretest.out 9983 bytes
│  │  │  ├─ pretest_283 11655 bytes
│  │  │  │  ├─ pretest.inp 1518 bytes
│  │  │  │  └─ pretest.out 10137 bytes
│  │  │  ├─ pretest_284 12249 bytes
│  │  │  │  ├─ pretest.inp 1617 bytes
│  │  │  │  └─ pretest.out 10632 bytes
│  │  │  ├─ pretest_285 11521 bytes
│  │  │  │  ├─ pretest.inp 1495 bytes
│  │  │  │  └─ pretest.out 10026 bytes
│  │  │  ├─ pretest_286 12039 bytes
│  │  │  │  ├─ pretest.inp 1528 bytes
│  │  │  │  └─ pretest.out 10511 bytes
│  │  │  ├─ pretest_287 11916 bytes
│  │  │  │  ├─ pretest.inp 1651 bytes
│  │  │  │  └─ pretest.out 10265 bytes
│  │  │  ├─ pretest_288 12641 bytes
│  │  │  │  ├─ pretest.inp 1431 bytes
│  │  │  │  └─ pretest.out 11210 bytes
│  │  │  ├─ pretest_289 10676 bytes
│  │  │  │  ├─ pretest.inp 1418 bytes
│  │  │  │  └─ pretest.out 9258 bytes
│  │  │  ├─ pretest_29 10522 bytes
│  │  │  │  ├─ pretest.inp 1529 bytes
│  │  │  │  └─ pretest.out 8993 bytes
│  │  │  ├─ pretest_290 11563 bytes
│  │  │  │  ├─ pretest.inp 1692 bytes
│  │  │  │  └─ pretest.out 9871 bytes
│  │  │  ├─ pretest_291 9453 bytes
│  │  │  │  ├─ pretest.inp 1256 bytes
│  │  │  │  └─ pretest.out 8197 bytes
│  │  │  ├─ pretest_292 12989 bytes
│  │  │  │  ├─ pretest.inp 1650 bytes
│  │  │  │  └─ pretest.out 11339 bytes
│  │  │  ├─ pretest_293 8276 bytes
│  │  │  │  ├─ pretest.inp 1361 bytes
│  │  │  │  └─ pretest.out 6915 bytes
│  │  │  ├─ pretest_294 10694 bytes
│  │  │  │  ├─ pretest.inp 1488 bytes
│  │  │  │  └─ pretest.out 9206 bytes
│  │  │  ├─ pretest_295 10418 bytes
│  │  │  │  ├─ pretest.inp 1497 bytes
│  │  │  │  └─ pretest.out 8921 bytes
│  │  │  ├─ pretest_296 9289 bytes
│  │  │  │  ├─ pretest.inp 1305 bytes
│  │  │  │  └─ pretest.out 7984 bytes
│  │  │  ├─ pretest_297 11733 bytes
│  │  │  │  ├─ pretest.inp 1688 bytes
│  │  │  │  └─ pretest.out 10045 bytes
│  │  │  ├─ pretest_298 9944 bytes
│  │  │  │  ├─ pretest.inp 1275 bytes
│  │  │  │  └─ pretest.out 8669 bytes
│  │  │  ├─ pretest_299 10692 bytes
│  │  │  │  ├─ pretest.inp 1540 bytes
│  │  │  │  └─ pretest.out 9152 bytes
│  │  │  ├─ pretest_3 8632 bytes
│  │  │  │  ├─ pretest.inp 1288 bytes
│  │  │  │  └─ pretest.out 7344 bytes
│  │  │  ├─ pretest_30 12394 bytes
│  │  │  │  ├─ pretest.inp 1385 bytes
│  │  │  │  └─ pretest.out 11009 bytes
│  │  │  ├─ pretest_300 11086 bytes
│  │  │  │  ├─ pretest.inp 1388 bytes
│  │  │  │  └─ pretest.out 9698 bytes
│  │  │  ├─ pretest_301 10563 bytes
│  │  │  │  ├─ pretest.inp 1580 bytes
│  │  │  │  └─ pretest.out 8983 bytes
│  │  │  ├─ pretest_302 9586 bytes
│  │  │  │  ├─ pretest.inp 1225 bytes
│  │  │  │  └─ pretest.out 8361 bytes
│  │  │  ├─ pretest_303 9528 bytes
│  │  │  │  ├─ pretest.inp 1618 bytes
│  │  │  │  └─ pretest.out 7910 bytes
│  │  │  ├─ pretest_304 10335 bytes
│  │  │  │  ├─ pretest.inp 1515 bytes
│  │  │  │  └─ pretest.out 8820 bytes
│  │  │  ├─ pretest_305 11552 bytes
│  │  │  │  ├─ pretest.inp 1558 bytes
│  │  │  │  └─ pretest.out 9994 bytes
│  │  │  ├─ pretest_306 11229 bytes
│  │  │  │  ├─ pretest.inp 1636 bytes
│  │  │  │  └─ pretest.out 9593 bytes
│  │  │  ├─ pretest_307 12535 bytes
│  │  │  │  ├─ pretest.inp 1509 bytes
│  │  │  │  └─ pretest.out 11026 bytes
│  │  │  ├─ pretest_308 10590 bytes
│  │  │  │  ├─ pretest.inp 1328 bytes
│  │  │  │  └─ pretest.out 9262 bytes
│  │  │  ├─ pretest_309 12215 bytes
│  │  │  │  ├─ pretest.inp 1677 bytes
│  │  │  │  └─ pretest.out 10538 bytes
│  │  │  ├─ pretest_31 11257 bytes
│  │  │  │  ├─ pretest.inp 1399 bytes
│  │  │  │  └─ pretest.out 9858 bytes
│  │  │  ├─ pretest_310 8324 bytes
│  │  │  │  ├─ pretest.inp 1269 bytes
│  │  │  │  └─ pretest.out 7055 bytes
│  │  │  ├─ pretest_311 10739 bytes
│  │  │  │  ├─ pretest.inp 1546 bytes
│  │  │  │  └─ pretest.out 9193 bytes
│  │  │  ├─ pretest_312 8358 bytes
│  │  │  │  ├─ pretest.inp 1212 bytes
│  │  │  │  └─ pretest.out 7146 bytes
│  │  │  ├─ pretest_313 11138 bytes
│  │  │  │  ├─ pretest.inp 1648 bytes
│  │  │  │  └─ pretest.out 9490 bytes
│  │  │  ├─ pretest_314 10197 bytes
│  │  │  │  ├─ pretest.inp 1439 bytes
│  │  │  │  └─ pretest.out 8758 bytes
│  │  │  ├─ pretest_315 9186 bytes
│  │  │  │  ├─ pretest.inp 1528 bytes
│  │  │  │  └─ pretest.out 7658 bytes
│  │  │  ├─ pretest_316 9135 bytes
│  │  │  │  ├─ pretest.inp 1310 bytes
│  │  │  │  └─ pretest.out 7825 bytes
│  │  │  ├─ pretest_317 9299 bytes
│  │  │  │  ├─ pretest.inp 1394 bytes
│  │  │  │  └─ pretest.out 7905 bytes
│  │  │  ├─ pretest_318 10542 bytes
│  │  │  │  ├─ pretest.inp 1576 bytes
│  │  │  │  └─ pretest.out 8966 bytes
│  │  │  ├─ pretest_319 8364 bytes
│  │  │  │  ├─ pretest.inp 1337 bytes
│  │  │  │  └─ pretest.out 7027 bytes
│  │  │  ├─ pretest_32 10886 bytes
│  │  │  │  ├─ pretest.inp 1531 bytes
│  │  │  │  └─ pretest.out 9355 bytes
│  │  │  ├─ pretest_320 9940 bytes
│  │  │  │  ├─ pretest.inp 1395 bytes
│  │  │  │  └─ pretest.out 8545 bytes
│  │  │  ├─ pretest_321 10695 bytes
│  │  │  │  ├─ pretest.inp 1419 bytes
│  │  │  │  └─ pretest.out 9276 bytes
│  │  │  ├─ pretest_322 8915 bytes
│  │  │  │  ├─ pretest.inp 1401 bytes
│  │  │  │  └─ pretest.out 7514 bytes
│  │  │  ├─ pretest_323 10778 bytes
│  │  │  │  ├─ pretest.inp 1407 bytes
│  │  │  │  └─ pretest.out 9371 bytes
│  │  │  ├─ pretest_324 9677 bytes
│  │  │  │  ├─ pretest.inp 1397 bytes
│  │  │  │  └─ pretest.out 8280 bytes
│  │  │  ├─ pretest_325 10756 bytes
│  │  │  │  ├─ pretest.inp 1445 bytes
│  │  │  │  └─ pretest.out 9311 bytes
│  │  │  ├─ pretest_326 9288 bytes
│  │  │  │  ├─ pretest.inp 1400 bytes
│  │  │  │  └─ pretest.out 7888 bytes
│  │  │  ├─ pretest_327 9887 bytes
│  │  │  │  ├─ pretest.inp 1447 bytes
│  │  │  │  └─ pretest.out 8440 bytes
│  │  │  ├─ pretest_328 9469 bytes
│  │  │  │  ├─ pretest.inp 1491 bytes
│  │  │  │  └─ pretest.out 7978 bytes
│  │  │  ├─ pretest_329 10876 bytes
│  │  │  │  ├─ pretest.inp 1590 bytes
│  │  │  │  └─ pretest.out 9286 bytes
│  │  │  ├─ pretest_33 10729 bytes
│  │  │  │  ├─ pretest.inp 1522 bytes
│  │  │  │  └─ pretest.out 9207 bytes
│  │  │  ├─ pretest_330 10793 bytes
│  │  │  │  ├─ pretest.inp 1611 bytes
│  │  │  │  └─ pretest.out 9182 bytes
│  │  │  ├─ pretest_331 10336 bytes
│  │  │  │  ├─ pretest.inp 1368 bytes
│  │  │  │  └─ pretest.out 8968 bytes
│  │  │  ├─ pretest_332 12333 bytes
│  │  │  │  ├─ pretest.inp 1657 bytes
│  │  │  │  └─ pretest.out 10676 bytes
│  │  │  ├─ pretest_333 11879 bytes
│  │  │  │  ├─ pretest.inp 1668 bytes
│  │  │  │  └─ pretest.out 10211 bytes
│  │  │  ├─ pretest_334 9607 bytes
│  │  │  │  ├─ pretest.inp 1717 bytes
│  │  │  │  └─ pretest.out 7890 bytes
│  │  │  ├─ pretest_335 11685 bytes
│  │  │  │  ├─ pretest.inp 1516 bytes
│  │  │  │  └─ pretest.out 10169 bytes
│  │  │  ├─ pretest_336 10316 bytes
│  │  │  │  ├─ pretest.inp 1764 bytes
│  │  │  │  └─ pretest.out 8552 bytes
│  │  │  ├─ pretest_337 10513 bytes
│  │  │  │  ├─ pretest.inp 1583 bytes
│  │  │  │  └─ pretest.out 8930 bytes
│  │  │  ├─ pretest_338 10531 bytes
│  │  │  │  ├─ pretest.inp 1407 bytes
│  │  │  │  └─ pretest.out 9124 bytes
│  │  │  ├─ pretest_339 11838 bytes
│  │  │  │  ├─ pretest.inp 1463 bytes
│  │  │  │  └─ pretest.out 10375 bytes
│  │  │  ├─ pretest_34 12102 bytes
│  │  │  │  ├─ pretest.inp 1520 bytes
│  │  │  │  └─ pretest.out 10582 bytes
│  │  │  ├─ pretest_340 9636 bytes
│  │  │  │  ├─ pretest.inp 1318 bytes
│  │  │  │  └─ pretest.out 8318 bytes
│  │  │  ├─ pretest_341 11056 bytes
│  │  │  │  ├─ pretest.inp 1372 bytes
│  │  │  │  └─ pretest.out 9684 bytes
│  │  │  ├─ pretest_342 9465 bytes
│  │  │  │  ├─ pretest.inp 1338 bytes
│  │  │  │  └─ pretest.out 8127 bytes
│  │  │  ├─ pretest_343 10544 bytes
│  │  │  │  ├─ pretest.inp 1480 bytes
│  │  │  │  └─ pretest.out 9064 bytes
│  │  │  ├─ pretest_344 11234 bytes
│  │  │  │  ├─ pretest.inp 1316 bytes
│  │  │  │  └─ pretest.out 9918 bytes
│  │  │  ├─ pretest_345 10184 bytes
│  │  │  │  ├─ pretest.inp 1311 bytes
│  │  │  │  └─ pretest.out 8873 bytes
│  │  │  ├─ pretest_346 10561 bytes
│  │  │  │  ├─ pretest.inp 1445 bytes
│  │  │  │  └─ pretest.out 9116 bytes
│  │  │  ├─ pretest_347 12059 bytes
│  │  │  │  ├─ pretest.inp 1639 bytes
│  │  │  │  └─ pretest.out 10420 bytes
│  │  │  ├─ pretest_348 10503 bytes
│  │  │  │  ├─ pretest.inp 1316 bytes
│  │  │  │  └─ pretest.out 9187 bytes
│  │  │  ├─ pretest_349 9423 bytes
│  │  │  │  ├─ pretest.inp 1353 bytes
│  │  │  │  └─ pretest.out 8070 bytes
│  │  │  ├─ pretest_35 10512 bytes
│  │  │  │  ├─ pretest.inp 1445 bytes
│  │  │  │  └─ pretest.out 9067 bytes
│  │  │  ├─ pretest_350 9428 bytes
│  │  │  │  ├─ pretest.inp 1510 bytes
│  │  │  │  └─ pretest.out 7918 bytes
│  │  │  ├─ pretest_351 12333 bytes
│  │  │  │  ├─ pretest.inp 1544 bytes
│  │  │  │  └─ pretest.out 10789 bytes
│  │  │  ├─ pretest_352 11036 bytes
│  │  │  │  ├─ pretest.inp 1449 bytes
│  │  │  │  └─ pretest.out 9587 bytes
│  │  │  ├─ pretest_353 9755 bytes
│  │  │  │  ├─ pretest.inp 1314 bytes
│  │  │  │  └─ pretest.out 8441 bytes
│  │  │  ├─ pretest_354 13432 bytes
│  │  │  │  ├─ pretest.inp 1707 bytes
│  │  │  │  └─ pretest.out 11725 bytes
│  │  │  ├─ pretest_355 11143 bytes
│  │  │  │  ├─ pretest.inp 1345 bytes
│  │  │  │  └─ pretest.out 9798 bytes
│  │  │  ├─ pretest_356 10611 bytes
│  │  │  │  ├─ pretest.inp 1430 bytes
│  │  │  │  └─ pretest.out 9181 bytes
│  │  │  ├─ pretest_357 7518 bytes
│  │  │  │  ├─ pretest.inp 1303 bytes
│  │  │  │  └─ pretest.out 6215 bytes
│  │  │  ├─ pretest_358 10470 bytes
│  │  │  │  ├─ pretest.inp 1471 bytes
│  │  │  │  └─ pretest.out 8999 bytes
│  │  │  ├─ pretest_359 10140 bytes
│  │  │  │  ├─ pretest.inp 1425 bytes
│  │  │  │  └─ pretest.out 8715 bytes
│  │  │  ├─ pretest_36 12962 bytes
│  │  │  │  ├─ pretest.inp 1633 bytes
│  │  │  │  └─ pretest.out 11329 bytes
│  │  │  ├─ pretest_360 10012 bytes
│  │  │  │  ├─ pretest.inp 1329 bytes
│  │  │  │  └─ pretest.out 8683 bytes
│  │  │  ├─ pretest_361 11717 bytes
│  │  │  │  ├─ pretest.inp 1521 bytes
│  │  │  │  └─ pretest.out 10196 bytes
│  │  │  ├─ pretest_362 11594 bytes
│  │  │  │  ├─ pretest.inp 1659 bytes
│  │  │  │  └─ pretest.out 9935 bytes
│  │  │  ├─ pretest_363 10087 bytes
│  │  │  │  ├─ pretest.inp 1417 bytes
│  │  │  │  └─ pretest.out 8670 bytes
│  │  │  ├─ pretest_364 7738 bytes
│  │  │  │  ├─ pretest.inp 1450 bytes
│  │  │  │  └─ pretest.out 6288 bytes
│  │  │  ├─ pretest_365 12001 bytes
│  │  │  │  ├─ pretest.inp 1606 bytes
│  │  │  │  └─ pretest.out 10395 bytes
│  │  │  ├─ pretest_366 10549 bytes
│  │  │  │  ├─ pretest.inp 1473 bytes
│  │  │  │  └─ pretest.out 9076 bytes
│  │  │  ├─ pretest_367 10869 bytes
│  │  │  │  ├─ pretest.inp 1643 bytes
│  │  │  │  └─ pretest.out 9226 bytes
│  │  │  ├─ pretest_368 8680 bytes
│  │  │  │  ├─ pretest.inp 1268 bytes
│  │  │  │  └─ pretest.out 7412 bytes
│  │  │  ├─ pretest_369 10793 bytes
│  │  │  │  ├─ pretest.inp 1447 bytes
│  │  │  │  └─ pretest.out 9346 bytes
│  │  │  ├─ pretest_37 11566 bytes
│  │  │  │  ├─ pretest.inp 1450 bytes
│  │  │  │  └─ pretest.out 10116 bytes
│  │  │  ├─ pretest_370 12256 bytes
│  │  │  │  ├─ pretest.inp 1562 bytes
│  │  │  │  └─ pretest.out 10694 bytes
│  │  │  ├─ pretest_371 11324 bytes
│  │  │  │  ├─ pretest.inp 1327 bytes
│  │  │  │  └─ pretest.out 9997 bytes
│  │  │  ├─ pretest_372 8839 bytes
│  │  │  │  ├─ pretest.inp 1430 bytes
│  │  │  │  └─ pretest.out 7409 bytes
│  │  │  ├─ pretest_373 12552 bytes
│  │  │  │  ├─ pretest.inp 1655 bytes
│  │  │  │  └─ pretest.out 10897 bytes
│  │  │  ├─ pretest_374 10579 bytes
│  │  │  │  ├─ pretest.inp 1496 bytes
│  │  │  │  └─ pretest.out 9083 bytes
│  │  │  ├─ pretest_375 9467 bytes
│  │  │  │  ├─ pretest.inp 1209 bytes
│  │  │  │  └─ pretest.out 8258 bytes
│  │  │  ├─ pretest_376 9255 bytes
│  │  │  │  ├─ pretest.inp 1266 bytes
│  │  │  │  └─ pretest.out 7989 bytes
│  │  │  ├─ pretest_377 9286 bytes
│  │  │  │  ├─ pretest.inp 1342 bytes
│  │  │  │  └─ pretest.out 7944 bytes
│  │  │  ├─ pretest_378 9267 bytes
│  │  │  │  ├─ pretest.inp 1262 bytes
│  │  │  │  └─ pretest.out 8005 bytes
│  │  │  ├─ pretest_379 10573 bytes
│  │  │  │  ├─ pretest.inp 1743 bytes
│  │  │  │  └─ pretest.out 8830 bytes
│  │  │  ├─ pretest_38 10928 bytes
│  │  │  │  ├─ pretest.inp 1453 bytes
│  │  │  │  └─ pretest.out 9475 bytes
│  │  │  ├─ pretest_380 10896 bytes
│  │  │  │  ├─ pretest.inp 1298 bytes
│  │  │  │  └─ pretest.out 9598 bytes
│  │  │  ├─ pretest_381 10935 bytes
│  │  │  │  ├─ pretest.inp 1607 bytes
│  │  │  │  └─ pretest.out 9328 bytes
│  │  │  ├─ pretest_382 10230 bytes
│  │  │  │  ├─ pretest.inp 1410 bytes
│  │  │  │  └─ pretest.out 8820 bytes
│  │  │  ├─ pretest_383 11402 bytes
│  │  │  │  ├─ pretest.inp 1642 bytes
│  │  │  │  └─ pretest.out 9760 bytes
│  │  │  ├─ pretest_384 10251 bytes
│  │  │  │  ├─ pretest.inp 1300 bytes
│  │  │  │  └─ pretest.out 8951 bytes
│  │  │  ├─ pretest_385 9300 bytes
│  │  │  │  ├─ pretest.inp 1397 bytes
│  │  │  │  └─ pretest.out 7903 bytes
│  │  │  ├─ pretest_386 9877 bytes
│  │  │  │  ├─ pretest.inp 1231 bytes
│  │  │  │  └─ pretest.out 8646 bytes
│  │  │  ├─ pretest_387 11408 bytes
│  │  │  │  ├─ pretest.inp 1378 bytes
│  │  │  │  └─ pretest.out 10030 bytes
│  │  │  ├─ pretest_388 12465 bytes
│  │  │  │  ├─ pretest.inp 1379 bytes
│  │  │  │  └─ pretest.out 11086 bytes
│  │  │  ├─ pretest_389 7950 bytes
│  │  │  │  ├─ pretest.inp 1249 bytes
│  │  │  │  └─ pretest.out 6701 bytes
│  │  │  ├─ pretest_39 10988 bytes
│  │  │  │  ├─ pretest.inp 1478 bytes
│  │  │  │  └─ pretest.out 9510 bytes
│  │  │  ├─ pretest_390 12589 bytes
│  │  │  │  ├─ pretest.inp 1530 bytes
│  │  │  │  └─ pretest.out 11059 bytes
│  │  │  ├─ pretest_391 10122 bytes
│  │  │  │  ├─ pretest.inp 1462 bytes
│  │  │  │  └─ pretest.out 8660 bytes
│  │  │  ├─ pretest_392 10091 bytes
│  │  │  │  ├─ pretest.inp 1408 bytes
│  │  │  │  └─ pretest.out 8683 bytes
│  │  │  ├─ pretest_393 10643 bytes
│  │  │  │  ├─ pretest.inp 1467 bytes
│  │  │  │  └─ pretest.out 9176 bytes
│  │  │  ├─ pretest_394 11309 bytes
│  │  │  │  ├─ pretest.inp 1463 bytes
│  │  │  │  └─ pretest.out 9846 bytes
│  │  │  ├─ pretest_395 11305 bytes
│  │  │  │  ├─ pretest.inp 1379 bytes
│  │  │  │  └─ pretest.out 9926 bytes
│  │  │  ├─ pretest_396 9204 bytes
│  │  │  │  ├─ pretest.inp 1386 bytes
│  │  │  │  └─ pretest.out 7818 bytes
│  │  │  ├─ pretest_397 12122 bytes
│  │  │  │  ├─ pretest.inp 1586 bytes
│  │  │  │  └─ pretest.out 10536 bytes
│  │  │  ├─ pretest_398 12528 bytes
│  │  │  │  ├─ pretest.inp 1596 bytes
│  │  │  │  └─ pretest.out 10932 bytes
│  │  │  ├─ pretest_399 10806 bytes
│  │  │  │  ├─ pretest.inp 1655 bytes
│  │  │  │  └─ pretest.out 9151 bytes
│  │  │  ├─ pretest_4 12222 bytes
│  │  │  │  ├─ pretest.inp 1551 bytes
│  │  │  │  └─ pretest.out 10671 bytes
│  │  │  ├─ pretest_40 9476 bytes
│  │  │  │  ├─ pretest.inp 1442 bytes
│  │  │  │  └─ pretest.out 8034 bytes
│  │  │  ├─ pretest_400 10816 bytes
│  │  │  │  ├─ pretest.inp 1463 bytes
│  │  │  │  └─ pretest.out 9353 bytes
│  │  │  ├─ pretest_401 7598 bytes
│  │  │  │  ├─ pretest.inp 1273 bytes
│  │  │  │  └─ pretest.out 6325 bytes
│  │  │  ├─ pretest_402 10730 bytes
│  │  │  │  ├─ pretest.inp 1478 bytes
│  │  │  │  └─ pretest.out 9252 bytes
│  │  │  ├─ pretest_403 8884 bytes
│  │  │  │  ├─ pretest.inp 1357 bytes
│  │  │  │  └─ pretest.out 7527 bytes
│  │  │  ├─ pretest_404 10498 bytes
│  │  │  │  ├─ pretest.inp 1665 bytes
│  │  │  │  └─ pretest.out 8833 bytes
│  │  │  ├─ pretest_405 10047 bytes
│  │  │  │  ├─ pretest.inp 1530 bytes
│  │  │  │  └─ pretest.out 8517 bytes
│  │  │  ├─ pretest_406 9295 bytes
│  │  │  │  ├─ pretest.inp 1271 bytes
│  │  │  │  └─ pretest.out 8024 bytes
│  │  │  ├─ pretest_407 9358 bytes
│  │  │  │  ├─ pretest.inp 1217 bytes
│  │  │  │  └─ pretest.out 8141 bytes
│  │  │  ├─ pretest_408 10437 bytes
│  │  │  │  ├─ pretest.inp 1378 bytes
│  │  │  │  └─ pretest.out 9059 bytes
│  │  │  ├─ pretest_409 10569 bytes
│  │  │  │  ├─ pretest.inp 1625 bytes
│  │  │  │  └─ pretest.out 8944 bytes
│  │  │  ├─ pretest_41 9205 bytes
│  │  │  │  ├─ pretest.inp 1255 bytes
│  │  │  │  └─ pretest.out 7950 bytes
│  │  │  ├─ pretest_410 9714 bytes
│  │  │  │  ├─ pretest.inp 1314 bytes
│  │  │  │  └─ pretest.out 8400 bytes
│  │  │  ├─ pretest_411 9066 bytes
│  │  │  │  ├─ pretest.inp 1379 bytes
│  │  │  │  └─ pretest.out 7687 bytes
│  │  │  ├─ pretest_412 9043 bytes
│  │  │  │  ├─ pretest.inp 1217 bytes
│  │  │  │  └─ pretest.out 7826 bytes
│  │  │  ├─ pretest_413 10298 bytes
│  │  │  │  ├─ pretest.inp 1301 bytes
│  │  │  │  └─ pretest.out 8997 bytes
│  │  │  ├─ pretest_414 10275 bytes
│  │  │  │  ├─ pretest.inp 1561 bytes
│  │  │  │  └─ pretest.out 8714 bytes
│  │  │  ├─ pretest_415 9948 bytes
│  │  │  │  ├─ pretest.inp 1309 bytes
│  │  │  │  └─ pretest.out 8639 bytes
│  │  │  ├─ pretest_416 10250 bytes
│  │  │  │  ├─ pretest.inp 1419 bytes
│  │  │  │  └─ pretest.out 8831 bytes
│  │  │  ├─ pretest_417 9739 bytes
│  │  │  │  ├─ pretest.inp 1473 bytes
│  │  │  │  └─ pretest.out 8266 bytes
│  │  │  ├─ pretest_418 9015 bytes
│  │  │  │  ├─ pretest.inp 1272 bytes
│  │  │  │  └─ pretest.out 7743 bytes
│  │  │  ├─ pretest_419 8725 bytes
│  │  │  │  ├─ pretest.inp 1333 bytes
│  │  │  │  └─ pretest.out 7392 bytes
│  │  │  ├─ pretest_42 10638 bytes
│  │  │  │  ├─ pretest.inp 1236 bytes
│  │  │  │  └─ pretest.out 9402 bytes
│  │  │  ├─ pretest_420 9748 bytes
│  │  │  │  ├─ pretest.inp 1441 bytes
│  │  │  │  └─ pretest.out 8307 bytes
│  │  │  ├─ pretest_421 10930 bytes
│  │  │  │  ├─ pretest.inp 1531 bytes
│  │  │  │  └─ pretest.out 9399 bytes
│  │  │  ├─ pretest_422 10204 bytes
│  │  │  │  ├─ pretest.inp 1537 bytes
│  │  │  │  └─ pretest.out 8667 bytes
│  │  │  ├─ pretest_423 12504 bytes
│  │  │  │  ├─ pretest.inp 1632 bytes
│  │  │  │  └─ pretest.out 10872 bytes
│  │  │  ├─ pretest_424 10616 bytes
│  │  │  │  ├─ pretest.inp 1431 bytes
│  │  │  │  └─ pretest.out 9185 bytes
│  │  │  ├─ pretest_425 9763 bytes
│  │  │  │  ├─ pretest.inp 1228 bytes
│  │  │  │  └─ pretest.out 8535 bytes
│  │  │  ├─ pretest_426 8900 bytes
│  │  │  │  ├─ pretest.inp 1392 bytes
│  │  │  │  └─ pretest.out 7508 bytes
│  │  │  ├─ pretest_427 9659 bytes
│  │  │  │  ├─ pretest.inp 1424 bytes
│  │  │  │  └─ pretest.out 8235 bytes
│  │  │  ├─ pretest_428 9593 bytes
│  │  │  │  ├─ pretest.inp 1199 bytes
│  │  │  │  └─ pretest.out 8394 bytes
│  │  │  ├─ pretest_429 11984 bytes
│  │  │  │  ├─ pretest.inp 1512 bytes
│  │  │  │  └─ pretest.out 10472 bytes
│  │  │  ├─ pretest_43 11459 bytes
│  │  │  │  ├─ pretest.inp 1622 bytes
│  │  │  │  └─ pretest.out 9837 bytes
│  │  │  ├─ pretest_430 12083 bytes
│  │  │  │  ├─ pretest.inp 1625 bytes
│  │  │  │  └─ pretest.out 10458 bytes
│  │  │  ├─ pretest_431 10505 bytes
│  │  │  │  ├─ pretest.inp 1541 bytes
│  │  │  │  └─ pretest.out 8964 bytes
│  │  │  ├─ pretest_432 9681 bytes
│  │  │  │  ├─ pretest.inp 1317 bytes
│  │  │  │  └─ pretest.out 8364 bytes
│  │  │  ├─ pretest_433 9865 bytes
│  │  │  │  ├─ pretest.inp 1305 bytes
│  │  │  │  └─ pretest.out 8560 bytes
│  │  │  ├─ pretest_434 11193 bytes
│  │  │  │  ├─ pretest.inp 1617 bytes
│  │  │  │  └─ pretest.out 9576 bytes
│  │  │  ├─ pretest_435 9274 bytes
│  │  │  │  ├─ pretest.inp 1415 bytes
│  │  │  │  └─ pretest.out 7859 bytes
│  │  │  ├─ pretest_436 9475 bytes
│  │  │  │  ├─ pretest.inp 1397 bytes
│  │  │  │  └─ pretest.out 8078 bytes
│  │  │  ├─ pretest_437 8925 bytes
│  │  │  │  ├─ pretest.inp 1257 bytes
│  │  │  │  └─ pretest.out 7668 bytes
│  │  │  ├─ pretest_438 11924 bytes
│  │  │  │  ├─ pretest.inp 1577 bytes
│  │  │  │  └─ pretest.out 10347 bytes
│  │  │  ├─ pretest_439 9668 bytes
│  │  │  │  ├─ pretest.inp 1216 bytes
│  │  │  │  └─ pretest.out 8452 bytes
│  │  │  ├─ pretest_44 11411 bytes
│  │  │  │  ├─ pretest.inp 1301 bytes
│  │  │  │  └─ pretest.out 10110 bytes
│  │  │  ├─ pretest_440 11142 bytes
│  │  │  │  ├─ pretest.inp 1647 bytes
│  │  │  │  └─ pretest.out 9495 bytes
│  │  │  ├─ pretest_441 13147 bytes
│  │  │  │  ├─ pretest.inp 1489 bytes
│  │  │  │  └─ pretest.out 11658 bytes
│  │  │  ├─ pretest_442 12025 bytes
│  │  │  │  ├─ pretest.inp 1581 bytes
│  │  │  │  └─ pretest.out 10444 bytes
│  │  │  ├─ pretest_443 10394 bytes
│  │  │  │  ├─ pretest.inp 1657 bytes
│  │  │  │  └─ pretest.out 8737 bytes
│  │  │  ├─ pretest_444 10025 bytes
│  │  │  │  ├─ pretest.inp 1451 bytes
│  │  │  │  └─ pretest.out 8574 bytes
│  │  │  ├─ pretest_445 10350 bytes
│  │  │  │  ├─ pretest.inp 1413 bytes
│  │  │  │  └─ pretest.out 8937 bytes
│  │  │  ├─ pretest_446 12977 bytes
│  │  │  │  ├─ pretest.inp 1617 bytes
│  │  │  │  └─ pretest.out 11360 bytes
│  │  │  ├─ pretest_447 9173 bytes
│  │  │  │  ├─ pretest.inp 1338 bytes
│  │  │  │  └─ pretest.out 7835 bytes
│  │  │  ├─ pretest_448 9366 bytes
│  │  │  │  ├─ pretest.inp 1463 bytes
│  │  │  │  └─ pretest.out 7903 bytes
│  │  │  ├─ pretest_449 11803 bytes
│  │  │  │  ├─ pretest.inp 1582 bytes
│  │  │  │  └─ pretest.out 10221 bytes
│  │  │  ├─ pretest_45 10916 bytes
│  │  │  │  ├─ pretest.inp 1490 bytes
│  │  │  │  └─ pretest.out 9426 bytes
│  │  │  ├─ pretest_450 8438 bytes
│  │  │  │  ├─ pretest.inp 1438 bytes
│  │  │  │  └─ pretest.out 7000 bytes
│  │  │  ├─ pretest_451 11664 bytes
│  │  │  │  ├─ pretest.inp 1585 bytes
│  │  │  │  └─ pretest.out 10079 bytes
│  │  │  ├─ pretest_452 9635 bytes
│  │  │  │  ├─ pretest.inp 1395 bytes
│  │  │  │  └─ pretest.out 8240 bytes
│  │  │  ├─ pretest_453 9661 bytes
│  │  │  │  ├─ pretest.inp 1492 bytes
│  │  │  │  └─ pretest.out 8169 bytes
│  │  │  ├─ pretest_454 10112 bytes
│  │  │  │  ├─ pretest.inp 1509 bytes
│  │  │  │  └─ pretest.out 8603 bytes
│  │  │  ├─ pretest_455 8996 bytes
│  │  │  │  ├─ pretest.inp 1388 bytes
│  │  │  │  └─ pretest.out 7608 bytes
│  │  │  ├─ pretest_456 10608 bytes
│  │  │  │  ├─ pretest.inp 1466 bytes
│  │  │  │  └─ pretest.out 9142 bytes
│  │  │  ├─ pretest_457 9169 bytes
│  │  │  │  ├─ pretest.inp 1351 bytes
│  │  │  │  └─ pretest.out 7818 bytes
│  │  │  ├─ pretest_458 11699 bytes
│  │  │  │  ├─ pretest.inp 1579 bytes
│  │  │  │  └─ pretest.out 10120 bytes
│  │  │  ├─ pretest_459 10932 bytes
│  │  │  │  ├─ pretest.inp 1525 bytes
│  │  │  │  └─ pretest.out 9407 bytes
│  │  │  ├─ pretest_46 11076 bytes
│  │  │  │  ├─ pretest.inp 1618 bytes
│  │  │  │  └─ pretest.out 9458 bytes
│  │  │  ├─ pretest_460 9976 bytes
│  │  │  │  ├─ pretest.inp 1169 bytes
│  │  │  │  └─ pretest.out 8807 bytes
│  │  │  ├─ pretest_461 9573 bytes
│  │  │  │  ├─ pretest.inp 1314 bytes
│  │  │  │  └─ pretest.out 8259 bytes
│  │  │  ├─ pretest_462 7312 bytes
│  │  │  │  ├─ pretest.inp 1354 bytes
│  │  │  │  └─ pretest.out 5958 bytes
│  │  │  ├─ pretest_463 11549 bytes
│  │  │  │  ├─ pretest.inp 1644 bytes
│  │  │  │  └─ pretest.out 9905 bytes
│  │  │  ├─ pretest_464 11343 bytes
│  │  │  │  ├─ pretest.inp 1664 bytes
│  │  │  │  └─ pretest.out 9679 bytes
│  │  │  ├─ pretest_465 8825 bytes
│  │  │  │  ├─ pretest.inp 1268 bytes
│  │  │  │  └─ pretest.out 7557 bytes
│  │  │  ├─ pretest_466 10987 bytes
│  │  │  │  ├─ pretest.inp 1474 bytes
│  │  │  │  └─ pretest.out 9513 bytes
│  │  │  ├─ pretest_467 11947 bytes
│  │  │  │  ├─ pretest.inp 1636 bytes
│  │  │  │  └─ pretest.out 10311 bytes
│  │  │  ├─ pretest_468 9218 bytes
│  │  │  │  ├─ pretest.inp 1309 bytes
│  │  │  │  └─ pretest.out 7909 bytes
│  │  │  ├─ pretest_469 10480 bytes
│  │  │  │  ├─ pretest.inp 1596 bytes
│  │  │  │  └─ pretest.out 8884 bytes
│  │  │  ├─ pretest_47 8305 bytes
│  │  │  │  ├─ pretest.inp 1513 bytes
│  │  │  │  └─ pretest.out 6792 bytes
│  │  │  ├─ pretest_470 12399 bytes
│  │  │  │  ├─ pretest.inp 1540 bytes
│  │  │  │  └─ pretest.out 10859 bytes
│  │  │  ├─ pretest_471 12294 bytes
│  │  │  │  ├─ pretest.inp 1636 bytes
│  │  │  │  └─ pretest.out 10658 bytes
│  │  │  ├─ pretest_472 10999 bytes
│  │  │  │  ├─ pretest.inp 1618 bytes
│  │  │  │  └─ pretest.out 9381 bytes
│  │  │  ├─ pretest_473 10905 bytes
│  │  │  │  ├─ pretest.inp 1349 bytes
│  │  │  │  └─ pretest.out 9556 bytes
│  │  │  ├─ pretest_474 9384 bytes
│  │  │  │  ├─ pretest.inp 1452 bytes
│  │  │  │  └─ pretest.out 7932 bytes
│  │  │  ├─ pretest_475 9654 bytes
│  │  │  │  ├─ pretest.inp 1266 bytes
│  │  │  │  └─ pretest.out 8388 bytes
│  │  │  ├─ pretest_476 11998 bytes
│  │  │  │  ├─ pretest.inp 1542 bytes
│  │  │  │  └─ pretest.out 10456 bytes
│  │  │  ├─ pretest_477 9516 bytes
│  │  │  │  ├─ pretest.inp 1466 bytes
│  │  │  │  └─ pretest.out 8050 bytes
│  │  │  ├─ pretest_478 10501 bytes
│  │  │  │  ├─ pretest.inp 1338 bytes
│  │  │  │  └─ pretest.out 9163 bytes
│  │  │  ├─ pretest_479 10050 bytes
│  │  │  │  ├─ pretest.inp 1398 bytes
│  │  │  │  └─ pretest.out 8652 bytes
│  │  │  ├─ pretest_48 10061 bytes
│  │  │  │  ├─ pretest.inp 1476 bytes
│  │  │  │  └─ pretest.out 8585 bytes
│  │  │  ├─ pretest_480 9893 bytes
│  │  │  │  ├─ pretest.inp 1259 bytes
│  │  │  │  └─ pretest.out 8634 bytes
│  │  │  ├─ pretest_481 9075 bytes
│  │  │  │  ├─ pretest.inp 1458 bytes
│  │  │  │  └─ pretest.out 7617 bytes
│  │  │  ├─ pretest_482 11366 bytes
│  │  │  │  ├─ pretest.inp 1600 bytes
│  │  │  │  └─ pretest.out 9766 bytes
│  │  │  ├─ pretest_483 9221 bytes
│  │  │  │  ├─ pretest.inp 1286 bytes
│  │  │  │  └─ pretest.out 7935 bytes
│  │  │  ├─ pretest_484 9976 bytes
│  │  │  │  ├─ pretest.inp 1493 bytes
│  │  │  │  └─ pretest.out 8483 bytes
│  │  │  ├─ pretest_485 12861 bytes
│  │  │  │  ├─ pretest.inp 1326 bytes
│  │  │  │  └─ pretest.out 11535 bytes
│  │  │  ├─ pretest_486 11147 bytes
│  │  │  │  ├─ pretest.inp 1559 bytes
│  │  │  │  └─ pretest.out 9588 bytes
│  │  │  ├─ pretest_487 10461 bytes
│  │  │  │  ├─ pretest.inp 1441 bytes
│  │  │  │  └─ pretest.out 9020 bytes
│  │  │  ├─ pretest_488 12028 bytes
│  │  │  │  ├─ pretest.inp 1575 bytes
│  │  │  │  └─ pretest.out 10453 bytes
│  │  │  ├─ pretest_489 9153 bytes
│  │  │  │  ├─ pretest.inp 1565 bytes
│  │  │  │  └─ pretest.out 7588 bytes
│  │  │  ├─ pretest_49 12196 bytes
│  │  │  │  ├─ pretest.inp 1618 bytes
│  │  │  │  └─ pretest.out 10578 bytes
│  │  │  ├─ pretest_490 9978 bytes
│  │  │  │  ├─ pretest.inp 1270 bytes
│  │  │  │  └─ pretest.out 8708 bytes
│  │  │  ├─ pretest_491 9586 bytes
│  │  │  │  ├─ pretest.inp 1670 bytes
│  │  │  │  └─ pretest.out 7916 bytes
│  │  │  ├─ pretest_492 12230 bytes
│  │  │  │  ├─ pretest.inp 1601 bytes
│  │  │  │  └─ pretest.out 10629 bytes
│  │  │  ├─ pretest_493 7693 bytes
│  │  │  │  ├─ pretest.inp 1330 bytes
│  │  │  │  └─ pretest.out 6363 bytes
│  │  │  ├─ pretest_494 9912 bytes
│  │  │  │  ├─ pretest.inp 1516 bytes
│  │  │  │  └─ pretest.out 8396 bytes
│  │  │  ├─ pretest_495 11221 bytes
│  │  │  │  ├─ pretest.inp 1668 bytes
│  │  │  │  └─ pretest.out 9553 bytes
│  │  │  ├─ pretest_496 9530 bytes
│  │  │  │  ├─ pretest.inp 1409 bytes
│  │  │  │  └─ pretest.out 8121 bytes
│  │  │  ├─ pretest_497 10168 bytes
│  │  │  │  ├─ pretest.inp 1332 bytes
│  │  │  │  └─ pretest.out 8836 bytes
│  │  │  ├─ pretest_498 10141 bytes
│  │  │  │  ├─ pretest.inp 1590 bytes
│  │  │  │  └─ pretest.out 8551 bytes
│  │  │  ├─ pretest_499 10493 bytes
│  │  │  │  ├─ pretest.inp 1572 bytes
│  │  │  │  └─ pretest.out 8921 bytes
│  │  │  ├─ pretest_5 8664 bytes
│  │  │  │  ├─ pretest.inp 1504 bytes
│  │  │  │  └─ pretest.out 7160 bytes
│  │  │  ├─ pretest_50 7773 bytes
│  │  │  │  ├─ pretest.inp 1394 bytes
│  │  │  │  └─ pretest.out 6379 bytes
│  │  │  ├─ pretest_500 11272 bytes
│  │  │  │  ├─ pretest.inp 1512 bytes
│  │  │  │  └─ pretest.out 9760 bytes
│  │  │  ├─ pretest_51 12278 bytes
│  │  │  │  ├─ pretest.inp 1370 bytes
│  │  │  │  └─ pretest.out 10908 bytes
│  │  │  ├─ pretest_52 11487 bytes
│  │  │  │  ├─ pretest.inp 1493 bytes
│  │  │  │  └─ pretest.out 9994 bytes
│  │  │  ├─ pretest_53 9553 bytes
│  │  │  │  ├─ pretest.inp 1302 bytes
│  │  │  │  └─ pretest.out 8251 bytes
│  │  │  ├─ pretest_54 11551 bytes
│  │  │  │  ├─ pretest.inp 1566 bytes
│  │  │  │  └─ pretest.out 9985 bytes
│  │  │  ├─ pretest_55 9305 bytes
│  │  │  │  ├─ pretest.inp 1411 bytes
│  │  │  │  └─ pretest.out 7894 bytes
│  │  │  ├─ pretest_56 8962 bytes
│  │  │  │  ├─ pretest.inp 1346 bytes
│  │  │  │  └─ pretest.out 7616 bytes
│  │  │  ├─ pretest_57 10700 bytes
│  │  │  │  ├─ pretest.inp 1368 bytes
│  │  │  │  └─ pretest.out 9332 bytes
│  │  │  ├─ pretest_58 12585 bytes
│  │  │  │  ├─ pretest.inp 1601 bytes
│  │  │  │  └─ pretest.out 10984 bytes
│  │  │  ├─ pretest_59 10327 bytes
│  │  │  │  ├─ pretest.inp 1594 bytes
│  │  │  │  └─ pretest.out 8733 bytes
│  │  │  ├─ pretest_6 13051 bytes
│  │  │  │  ├─ pretest.inp 1555 bytes
│  │  │  │  └─ pretest.out 11496 bytes
│  │  │  ├─ pretest_60 10563 bytes
│  │  │  │  ├─ pretest.inp 1591 bytes
│  │  │  │  └─ pretest.out 8972 bytes
│  │  │  ├─ pretest_61 10020 bytes
│  │  │  │  ├─ pretest.inp 1244 bytes
│  │  │  │  └─ pretest.out 8776 bytes
│  │  │  ├─ pretest_62 9022 bytes
│  │  │  │  ├─ pretest.inp 1496 bytes
│  │  │  │  └─ pretest.out 7526 bytes
│  │  │  ├─ pretest_63 10952 bytes
│  │  │  │  ├─ pretest.inp 1586 bytes
│  │  │  │  └─ pretest.out 9366 bytes
│  │  │  ├─ pretest_64 13517 bytes
│  │  │  │  ├─ pretest.inp 1611 bytes
│  │  │  │  └─ pretest.out 11906 bytes
│  │  │  ├─ pretest_65 10590 bytes
│  │  │  │  ├─ pretest.inp 1484 bytes
│  │  │  │  └─ pretest.out 9106 bytes
│  │  │  ├─ pretest_66 9132 bytes
│  │  │  │  ├─ pretest.inp 1276 bytes
│  │  │  │  └─ pretest.out 7856 bytes
│  │  │  ├─ pretest_67 10984 bytes
│  │  │  │  ├─ pretest.inp 1449 bytes
│  │  │  │  └─ pretest.out 9535 bytes
│  │  │  ├─ pretest_68 13117 bytes
│  │  │  │  ├─ pretest.inp 1521 bytes
│  │  │  │  └─ pretest.out 11596 bytes
│  │  │  ├─ pretest_69 9501 bytes
│  │  │  │  ├─ pretest.inp 1221 bytes
│  │  │  │  └─ pretest.out 8280 bytes
│  │  │  ├─ pretest_7 10514 bytes
│  │  │  │  ├─ pretest.inp 1492 bytes
│  │  │  │  └─ pretest.out 9022 bytes
│  │  │  ├─ pretest_70 9053 bytes
│  │  │  │  ├─ pretest.inp 1333 bytes
│  │  │  │  └─ pretest.out 7720 bytes
│  │  │  ├─ pretest_71 10682 bytes
│  │  │  │  ├─ pretest.inp 1571 bytes
│  │  │  │  └─ pretest.out 9111 bytes
│  │  │  ├─ pretest_72 11183 bytes
│  │  │  │  ├─ pretest.inp 1496 bytes
│  │  │  │  └─ pretest.out 9687 bytes
│  │  │  ├─ pretest_73 9273 bytes
│  │  │  │  ├─ pretest.inp 1281 bytes
│  │  │  │  └─ pretest.out 7992 bytes
│  │  │  ├─ pretest_74 11199 bytes
│  │  │  │  ├─ pretest.inp 1665 bytes
│  │  │  │  └─ pretest.out 9534 bytes
│  │  │  ├─ pretest_75 9650 bytes
│  │  │  │  ├─ pretest.inp 1365 bytes
│  │  │  │  └─ pretest.out 8285 bytes
│  │  │  ├─ pretest_76 8741 bytes
│  │  │  │  ├─ pretest.inp 1281 bytes
│  │  │  │  └─ pretest.out 7460 bytes
│  │  │  ├─ pretest_77 9050 bytes
│  │  │  │  ├─ pretest.inp 1285 bytes
│  │  │  │  └─ pretest.out 7765 bytes
│  │  │  ├─ pretest_78 10680 bytes
│  │  │  │  ├─ pretest.inp 1680 bytes
│  │  │  │  └─ pretest.out 9000 bytes
│  │  │  ├─ pretest_79 9839 bytes
│  │  │  │  ├─ pretest.inp 1558 bytes
│  │  │  │  └─ pretest.out 8281 bytes
│  │  │  ├─ pretest_8 11448 bytes
│  │  │  │  ├─ pretest.inp 1556 bytes
│  │  │  │  └─ pretest.out 9892 bytes
│  │  │  ├─ pretest_80 10304 bytes
│  │  │  │  ├─ pretest.inp 1462 bytes
│  │  │  │  └─ pretest.out 8842 bytes
│  │  │  ├─ pretest_81 10307 bytes
│  │  │  │  ├─ pretest.inp 1604 bytes
│  │  │  │  └─ pretest.out 8703 bytes
│  │  │  ├─ pretest_82 10306 bytes
│  │  │  │  ├─ pretest.inp 1510 bytes
│  │  │  │  └─ pretest.out 8796 bytes
│  │  │  ├─ pretest_83 11812 bytes
│  │  │  │  ├─ pretest.inp 1515 bytes
│  │  │  │  └─ pretest.out 10297 bytes
│  │  │  ├─ pretest_84 12003 bytes
│  │  │  │  ├─ pretest.inp 1550 bytes
│  │  │  │  └─ pretest.out 10453 bytes
│  │  │  ├─ pretest_85 9986 bytes
│  │  │  │  ├─ pretest.inp 1394 bytes
│  │  │  │  └─ pretest.out 8592 bytes
│  │  │  ├─ pretest_86 12396 bytes
│  │  │  │  ├─ pretest.inp 1628 bytes
│  │  │  │  └─ pretest.out 10768 bytes
│  │  │  ├─ pretest_87 10343 bytes
│  │  │  │  ├─ pretest.inp 1657 bytes
│  │  │  │  └─ pretest.out 8686 bytes
│  │  │  ├─ pretest_88 11534 bytes
│  │  │  │  ├─ pretest.inp 1695 bytes
│  │  │  │  └─ pretest.out 9839 bytes
│  │  │  ├─ pretest_89 9398 bytes
│  │  │  │  ├─ pretest.inp 1375 bytes
│  │  │  │  └─ pretest.out 8023 bytes
│  │  │  ├─ pretest_9 11449 bytes
│  │  │  │  ├─ pretest.inp 1336 bytes
│  │  │  │  └─ pretest.out 10113 bytes
│  │  │  ├─ pretest_90 8891 bytes
│  │  │  │  ├─ pretest.inp 1355 bytes
│  │  │  │  └─ pretest.out 7536 bytes
│  │  │  ├─ pretest_91 11031 bytes
│  │  │  │  ├─ pretest.inp 1579 bytes
│  │  │  │  └─ pretest.out 9452 bytes
│  │  │  ├─ pretest_92 10267 bytes
│  │  │  │  ├─ pretest.inp 1308 bytes
│  │  │  │  └─ pretest.out 8959 bytes
│  │  │  ├─ pretest_93 10686 bytes
│  │  │  │  ├─ pretest.inp 1451 bytes
│  │  │  │  └─ pretest.out 9235 bytes
│  │  │  ├─ pretest_94 11617 bytes
│  │  │  │  ├─ pretest.inp 1438 bytes
│  │  │  │  └─ pretest.out 10179 bytes
│  │  │  ├─ pretest_95 11103 bytes
│  │  │  │  ├─ pretest.inp 1586 bytes
│  │  │  │  └─ pretest.out 9517 bytes
│  │  │  ├─ pretest_96 11663 bytes
│  │  │  │  ├─ pretest.inp 1697 bytes
│  │  │  │  └─ pretest.out 9966 bytes
│  │  │  ├─ pretest_97 11323 bytes
│  │  │  │  ├─ pretest.inp 1579 bytes
│  │  │  │  └─ pretest.out 9744 bytes
│  │  │  ├─ pretest_98 8577 bytes
│  │  │  │  ├─ pretest.inp 1414 bytes
│  │  │  │  └─ pretest.out 7163 bytes
│  │  │  └─ pretest_99 12322 bytes
│  │  │     ├─ pretest.inp 1483 bytes
│  │  │     └─ pretest.out 10839 bytes
│  │  ├─ gentest.py 3302 bytes
│  │  └─ slow_sol.cpp 3249 bytes
│  ├─ actual_sol.cpp 8772 bytes
│  └─ runtest.py 4206 bytes
├─ generate_test_module 19041 bytes
│  ├─ .idea 8683 bytes
│  │  ├─ inspectionProfiles 174 bytes
│  │  │  └─ profiles_settings.xml 174 bytes
│  │  ├─ .gitignore 176 bytes
│  │  ├─ generate_test_module.iml 284 bytes
│  │  ├─ misc.xml 311 bytes
│  │  ├─ modules.xml 292 bytes
│  │  └─ workspace.xml 7446 bytes
│  ├─ pretest 2941 bytes
│  │  ├─ pretest_1 925 bytes
│  │  │  ├─ pretest.inp 74 bytes
│  │  │  └─ pretest.out 851 bytes
│  │  ├─ pretest_2 794 bytes
│  │  │  ├─ pretest.inp 126 bytes
│  │  │  └─ pretest.out 668 bytes
│  │  └─ pretest_3 1222 bytes
│  │     ├─ pretest.inp 146 bytes
│  │     └─ pretest.out 1076 bytes
│  ├─ gentest.py 4168 bytes
│  └─ slow_sol.cpp 3249 bytes
├─ official_coronavirus_statistics_test 12077 bytes
│  ├─ actual_sol.cpp 8772 bytes
│  └─ gentest.py 3305 bytes
├─ sol_test_module 2800880 bytes
│  ├─ .idea 8677 bytes
│  │  ├─ .gitignore 176 bytes
│  │  ├─ misc.xml 240 bytes
│  │  ├─ modules.xml 282 bytes
│  │  ├─ sol_test_module.iml 97 bytes
│  │  └─ workspace.xml 7882 bytes
│  ├─ cmake-build-debug 2780015 bytes
│  │  ├─ CMakeFiles 1739726 bytes
│  │  │  ├─ 3.16.5 115144 bytes
│  │  │  │  ├─ CompilerIdC 36975 bytes
│  │  │  │  │  ├─ tmp 0 bytes
│  │  │  │  │  ├─ a.out 16704 bytes
│  │  │  │  │  └─ CMakeCCompilerId.c 20271 bytes
│  │  │  │  ├─ CompilerIdCXX 36803 bytes
│  │  │  │  │  ├─ tmp 0 bytes
│  │  │  │  │  ├─ a.out 16712 bytes
│  │  │  │  │  └─ CMakeCXXCompilerId.cpp 20091 bytes
│  │  │  │  ├─ CMakeCCompiler.cmake 2424 bytes
│  │  │  │  ├─ CMakeCXXCompiler.cmake 5448 bytes
│  │  │  │  ├─ CMakeDetermineCompilerABI_C.bin 16544 bytes
│  │  │  │  ├─ CMakeDetermineCompilerABI_CXX.bin 16552 bytes
│  │  │  │  └─ CMakeSystem.cmake 398 bytes
│  │  │  ├─ CMakeTmp 0 bytes
│  │  │  ├─ sol_actual_sol.dir 750817 bytes
│  │  │  │  ├─ actual_sol.cpp.o 743240 bytes
│  │  │  │  ├─ build.make 5462 bytes
│  │  │  │  ├─ cmake_clean.cmake 276 bytes
│  │  │  │  ├─ CXX.includecache 298 bytes
│  │  │  │  ├─ depend.internal 276 bytes
│  │  │  │  ├─ depend.make 167 bytes
│  │  │  │  ├─ DependInfo.cmake 773 bytes
│  │  │  │  ├─ flags.make 196 bytes
│  │  │  │  ├─ link.txt 86 bytes
│  │  │  │  └─ progress.make 43 bytes
│  │  │  ├─ sol_test_module.dir 815580 bytes
│  │  │  │  ├─ build.make 5466 bytes
│  │  │  │  ├─ cmake_clean.cmake 278 bytes
│  │  │  │  ├─ CXX.includecache 296 bytes
│  │  │  │  ├─ depend.internal 273 bytes
│  │  │  │  ├─ depend.make 164 bytes
│  │  │  │  ├─ DependInfo.cmake 770 bytes
│  │  │  │  ├─ flags.make 196 bytes
│  │  │  │  ├─ link.txt 86 bytes
│  │  │  │  ├─ progress.make 43 bytes
│  │  │  │  └─ slow_sol.cpp.o 808008 bytes
│  │  │  ├─ clion-environment.txt 39 bytes
│  │  │  ├─ clion-log.txt 466 bytes
│  │  │  ├─ cmake.check_cache 85 bytes
│  │  │  ├─ CMakeDirectoryInformation.cmake 818 bytes
│  │  │  ├─ CMakeOutput.log 46590 bytes
│  │  │  ├─ Makefile.cmake 3860 bytes
│  │  │  ├─ Makefile2 5685 bytes
│  │  │  ├─ progress.marks 2 bytes
│  │  │  └─ TargetDirectories.txt 640 bytes
│  │  ├─ cmake_install.cmake 1693 bytes
│  │  ├─ CMakeCache.txt 46470 bytes
│  │  ├─ Makefile 6985 bytes
│  │  ├─ sol_actual_sol 472688 bytes
│  │  ├─ sol_test_module 500608 bytes
│  │  ├─ sol_test_module.cbp 11588 bytes
│  │  └─ test.inp 257 bytes
│  ├─ actual_sol.cpp 8771 bytes
│  ├─ CMakeLists.txt 181 bytes
│  └─ slow_sol.cpp 3236 bytes
├─ test_cpp_demo 1295592 bytes
│  ├─ .idea 5470 bytes
│  │  ├─ .gitignore 176 bytes
│  │  ├─ misc.xml 240 bytes
│  │  ├─ modules.xml 278 bytes
│  │  ├─ test_cpp_demo.iml 97 bytes
│  │  └─ workspace.xml 4679 bytes
│  ├─ cmake-build-debug 1269235 bytes
│  │  ├─ CMakeFiles 799464 bytes
│  │  │  ├─ 3.16.5 115144 bytes
│  │  │  │  ├─ CompilerIdC 36975 bytes
│  │  │  │  │  ├─ tmp 0 bytes
│  │  │  │  │  ├─ a.out 16704 bytes
│  │  │  │  │  └─ CMakeCCompilerId.c 20271 bytes
│  │  │  │  ├─ CompilerIdCXX 36803 bytes
│  │  │  │  │  ├─ tmp 0 bytes
│  │  │  │  │  ├─ a.out 16712 bytes
│  │  │  │  │  └─ CMakeCXXCompilerId.cpp 20091 bytes
│  │  │  │  ├─ CMakeCCompiler.cmake 2424 bytes
│  │  │  │  ├─ CMakeCXXCompiler.cmake 5448 bytes
│  │  │  │  ├─ CMakeDetermineCompilerABI_C.bin 16544 bytes
│  │  │  │  ├─ CMakeDetermineCompilerABI_CXX.bin 16552 bytes
│  │  │  │  └─ CMakeSystem.cmake 398 bytes
│  │  │  ├─ CMakeTmp 0 bytes
│  │  │  ├─ test_cpp_demo.dir 617812 bytes
│  │  │  │  ├─ build.make 5304 bytes
│  │  │  │  ├─ cmake_clean.cmake 266 bytes
│  │  │  │  ├─ CXX.includecache 290 bytes
│  │  │  │  ├─ depend.internal 261 bytes
│  │  │  │  ├─ depend.make 154 bytes
│  │  │  │  ├─ DependInfo.cmake 756 bytes
│  │  │  │  ├─ flags.make 196 bytes
│  │  │  │  ├─ link.txt 78 bytes
│  │  │  │  ├─ main.cpp.o 610464 bytes
│  │  │  │  └─ progress.make 43 bytes
│  │  │  ├─ clion-environment.txt 39 bytes
│  │  │  ├─ clion-log.txt 1056 bytes
│  │  │  ├─ cmake.check_cache 85 bytes
│  │  │  ├─ CMakeDirectoryInformation.cmake 814 bytes
│  │  │  ├─ CMakeOutput.log 46550 bytes
│  │  │  ├─ Makefile.cmake 13521 bytes
│  │  │  ├─ Makefile2 3970 bytes
│  │  │  ├─ progress.marks 2 bytes
│  │  │  └─ TargetDirectories.txt 471 bytes
│  │  ├─ cmake_install.cmake 1689 bytes
│  │  ├─ CMakeCache.txt 46454 bytes
│  │  ├─ Makefile 5607 bytes
│  │  ├─ test_cpp_demo 408328 bytes
│  │  └─ test_cpp_demo.cbp 7693 bytes
│  ├─ CMakeLists.txt 127 bytes
│  ├─ main 19920 bytes
│  ├─ main.cpp 832 bytes
│  └─ test.inp 8 bytes
└─ test_py_demo 26225 bytes
   ├─ .idea 14244 bytes
   │  ├─ inspectionProfiles 174 bytes
   │  │  └─ profiles_settings.xml 174 bytes
   │  ├─ .gitignore 176 bytes
   │  ├─ misc.xml 298 bytes
   │  ├─ modules.xml 266 bytes
   │  ├─ test_py.iml 284 bytes
   │  └─ workspace.xml 13046 bytes
   ├─ test 3114 bytes
   │  ├─ pretest 221 bytes
   │  │  ├─ pretest_1 12 bytes
   │  │  │  ├─ pretest.inp 5 bytes
   │  │  │  └─ pretest.out 7 bytes
   │  │  ├─ pretest_10 12 bytes
   │  │  │  ├─ pretest.inp 5 bytes
   │  │  │  └─ pretest.out 7 bytes
   │  │  ├─ pretest_11 11 bytes
   │  │  │  ├─ pretest.inp 5 bytes
   │  │  │  └─ pretest.out 6 bytes
   │  │  ├─ pretest_12 11 bytes
   │  │  │  ├─ pretest.inp 5 bytes
   │  │  │  └─ pretest.out 6 bytes
   │  │  ├─ pretest_13 12 bytes
   │  │  │  ├─ pretest.inp 5 bytes
   │  │  │  └─ pretest.out 7 bytes
   │  │  ├─ pretest_14 11 bytes
   │  │  │  ├─ pretest.inp 5 bytes
   │  │  │  └─ pretest.out 6 bytes
   │  │  ├─ pretest_15 10 bytes
   │  │  │  ├─ pretest.inp 4 bytes
   │  │  │  └─ pretest.out 6 bytes
   │  │  ├─ pretest_16 11 bytes
   │  │  │  ├─ pretest.inp 5 bytes
   │  │  │  └─ pretest.out 6 bytes
   │  │  ├─ pretest_17 11 bytes
   │  │  │  ├─ pretest.inp 5 bytes
   │  │  │  └─ pretest.out 6 bytes
   │  │  ├─ pretest_18 11 bytes
   │  │  │  ├─ pretest.inp 5 bytes
   │  │  │  └─ pretest.out 6 bytes
   │  │  ├─ pretest_19 12 bytes
   │  │  │  ├─ pretest.inp 5 bytes
   │  │  │  └─ pretest.out 7 bytes
   │  │  ├─ pretest_2 10 bytes
   │  │  │  ├─ pretest.inp 4 bytes
   │  │  │  └─ pretest.out 6 bytes
   │  │  ├─ pretest_20 12 bytes
   │  │  │  ├─ pretest.inp 5 bytes
   │  │  │  └─ pretest.out 7 bytes
   │  │  ├─ pretest_3 10 bytes
   │  │  │  ├─ pretest.inp 5 bytes
   │  │  │  └─ pretest.out 5 bytes
   │  │  ├─ pretest_4 12 bytes
   │  │  │  ├─ pretest.inp 5 bytes
   │  │  │  └─ pretest.out 7 bytes
   │  │  ├─ pretest_5 12 bytes
   │  │  │  ├─ pretest.inp 5 bytes
   │  │  │  └─ pretest.out 7 bytes
   │  │  ├─ pretest_6 9 bytes
   │  │  │  ├─ pretest.inp 4 bytes
   │  │  │  └─ pretest.out 5 bytes
   │  │  ├─ pretest_7 10 bytes
   │  │  │  ├─ pretest.inp 4 bytes
   │  │  │  └─ pretest.out 6 bytes
   │  │  ├─ pretest_8 11 bytes
   │  │  │  ├─ pretest.inp 5 bytes
   │  │  │  └─ pretest.out 6 bytes
   │  │  └─ pretest_9 11 bytes
   │  │     ├─ pretest.inp 5 bytes
   │  │     └─ pretest.out 6 bytes
   │  ├─ test 207 bytes
   │  │  ├─ test_1 11 bytes
   │  │  │  ├─ test.inp 5 bytes
   │  │  │  └─ test.out 6 bytes
   │  │  ├─ test_10 10 bytes
   │  │  │  ├─ test.inp 5 bytes
   │  │  │  └─ test.out 5 bytes
   │  │  ├─ test_11 9 bytes
   │  │  │  ├─ test.inp 5 bytes
   │  │  │  └─ test.out 4 bytes
   │  │  ├─ test_12 12 bytes
   │  │  │  ├─ test.inp 5 bytes
   │  │  │  └─ test.out 7 bytes
   │  │  ├─ test_13 10 bytes
   │  │  │  ├─ test.inp 5 bytes
   │  │  │  └─ test.out 5 bytes
   │  │  ├─ test_14 11 bytes
   │  │  │  ├─ test.inp 5 bytes
   │  │  │  └─ test.out 6 bytes
   │  │  ├─ test_15 10 bytes
   │  │  │  ├─ test.inp 5 bytes
   │  │  │  └─ test.out 5 bytes
   │  │  ├─ test_16 9 bytes
   │  │  │  ├─ test.inp 4 bytes
   │  │  │  └─ test.out 5 bytes
   │  │  ├─ test_17 9 bytes
   │  │  │  ├─ test.inp 5 bytes
   │  │  │  └─ test.out 4 bytes
   │  │  ├─ test_18 11 bytes
   │  │  │  ├─ test.inp 5 bytes
   │  │  │  └─ test.out 6 bytes
   │  │  ├─ test_19 10 bytes
   │  │  │  ├─ test.inp 4 bytes
   │  │  │  └─ test.out 6 bytes
   │  │  ├─ test_2 10 bytes
   │  │  │  ├─ test.inp 5 bytes
   │  │  │  └─ test.out 5 bytes
   │  │  ├─ test_20 11 bytes
   │  │  │  ├─ test.inp 5 bytes
   │  │  │  └─ test.out 6 bytes
   │  │  ├─ test_3 11 bytes
   │  │  │  ├─ test.inp 5 bytes
   │  │  │  └─ test.out 6 bytes
   │  │  ├─ test_4 10 bytes
   │  │  │  ├─ test.inp 5 bytes
   │  │  │  └─ test.out 5 bytes
   │  │  ├─ test_5 11 bytes
   │  │  │  ├─ test.inp 5 bytes
   │  │  │  └─ test.out 6 bytes
   │  │  ├─ test_6 10 bytes
   │  │  │  ├─ test.inp 5 bytes
   │  │  │  └─ test.out 5 bytes
   │  │  ├─ test_7 10 bytes
   │  │  │  ├─ test.inp 5 bytes
   │  │  │  └─ test.out 5 bytes
   │  │  ├─ test_8 11 bytes
   │  │  │  ├─ test.inp 5 bytes
   │  │  │  └─ test.out 6 bytes
   │  │  └─ test_9 11 bytes
   │  │     ├─ test.inp 5 bytes
   │  │     └─ test.out 6 bytes
   │  ├─ gentest.py 1842 bytes
   │  └─ main.cpp 844 bytes
   ├─ a.py 70 bytes
   ├─ gentest.py 1921 bytes
   ├─ main.cpp 844 bytes
   ├─ Main.java 1907 bytes
   ├─ runtest.py 4120 bytes
   └─ tt.inp 5 bytes]